<?xml version="1.0" encoding="utf-8"?><testsuites name="pytest tests"><testsuite name="pytest" errors="0" failures="0" skipped="17" tests="3080" time="51.167" timestamp="2026-08-22T00:37:38.749130+05:30" hostname="Unknown_aa:51:fe:c7:f1:e9"><testcase classname="app.tests.api.routes.test_openai_conversation" name="test_get_conversation_by_ancestor_id_not_found" time="1.402" /><testcase classname="app.tests.api.test_auth_failures" name="test_endpoints_reject_invalid_auth_format[/api/v1/documents/12345678-1234-5678-1234-567812345678-DELETE]" time="1.127" /><testcase classname="app.tests.api.test_auth.TestGoogleAuth" name="test_google_auth_invalid_token" time="1.157" /><testcase classname="app.tests.api.routes.test_api_key" name="test_verify_api_key_missing_auth" time="1.172" /><testcase classname="app.tests.api.test_auth_failures" name="test_endpoints_reject_invalid_auth_format[/api/v1/documents/transformation/12345678-1234-5678-1234-567812345678-GET]" time="0.035" /><testcase classname="app.tests.api.test_auth.TestGoogleAuth" name="test_google_auth_unverified_email" time="0.035" /><testcase classname="app.tests.api.test_auth_failures" name="test_endpoints_reject_invalid_auth_format[/api/v1/cron/evaluations-GET]" time="0.039" /><testcase classname="app.tests.api.routes.test_api_key" name="test_verify_api_key_inactive_user" time="1.020" /><testcase classname="app.tests.api.test_auth.TestGoogleAuth" name="test_google_auth_user_not_found" time="0.185" /><testcase classname="app.tests.api.routes.test_tts_evaluation.TestTTSDatasetGet" name="test_get_dataset_success" time="1.672" /><testcase classname="app.tests.api.test_auth_failures" name="test_endpoints_reject_invalid_auth_format[/api/v1/cron/pending-jobs-GET]" time="0.101" /><testcase classname="app.tests.api.routes.test_evaluation.TestDatasetUploadValidation" name="test_upload_dataset_missing_columns" time="1.672" /><testcase classname="app.tests.api.routes.test_improve_prompt.TestValidateImprovePrompt" name="test_missing_run_raises_404" time="1.341" /><testcase classname="app.tests.api.routes.test_stt_evaluation.TestSTTEvaluationRun" name="test_list_stt_runs_empty" time="1.674" /><testcase classname="app.tests.api.test_auth_failures" name="test_endpoints_reject_invalid_auth_format[/api/v1/evaluations/datasets-POST]" time="0.047" /><testcase classname="app.tests.api.routes.collections.test_collection_delete" name="test_delete_collection_calls_start_job_and_returns_job" time="1.710" /><testcase classname="app.tests.api.test_auth_failures" name="test_endpoints_reject_invalid_auth_format[/api/v1/evaluations/datasets-GET]" time="0.046" /><testcase classname="app.tests.api.routes.test_evaluation_dataset_v2.TestUploadDatasetV2Route" name="test_object_store_no_url_returns_500" time="1.699" /><testcase classname="app.tests.api.routes.configs.test_version" name="test_create_version_cannot_change_type_from_stt_to_tts" time="1.704" /><testcase classname="app.tests.api.test_auth.TestGoogleAuth" name="test_google_auth_activates_inactive_user" time="0.394" /><testcase classname="app.tests.api.test_auth_failures" name="test_endpoints_reject_invalid_auth_format[/api/v1/evaluations/datasets/12345678-1234-5678-1234-567812345678-GET]" time="0.012" /><testcase classname="app.tests.api.routes.test_improve_prompt.TestValidateImprovePrompt" name="test_non_completed_raises_409[pending]" time="0.139" /><testcase classname="app.tests.api.test_auth_failures" name="test_endpoints_reject_invalid_auth_format[/api/v1/evaluations-POST]" time="0.018" /><testcase classname="app.tests.api.routes.test_openai_conversation" name="test_list_conversations_success" time="0.297" /><testcase classname="app.tests.api.test_auth_failures" name="test_endpoints_reject_invalid_auth_format[/api/v1/evaluations-GET]" time="0.015" /><testcase classname="app.tests.api.test_auth_failures" name="test_endpoints_reject_invalid_auth_format[/api/v1/evaluations/12345678-1234-5678-1234-567812345678-GET]" time="0.013" /><testcase classname="app.tests.api.test_auth_failures" name="test_endpoints_reject_invalid_auth_format[/api/v1/llm/call-POST]" time="0.015" /><testcase classname="app.tests.api.test_auth_failures" name="test_endpoints_reject_nonexistent_api_key[/api/v1/collections-GET]" time="0.009" /><testcase classname="app.tests.api.test_auth_failures" name="test_endpoints_reject_nonexistent_api_key[/api/v1/collections-POST]" time="0.010" /><testcase classname="app.tests.api.routes.test_improve_prompt.TestValidateImprovePrompt" name="test_non_completed_raises_409[processing]" time="0.045" /><testcase classname="app.tests.api.test_auth_failures" name="test_endpoints_reject_nonexistent_api_key[/api/v1/collections/12345678-1234-5678-1234-567812345678-GET]" time="0.012" /><testcase classname="app.tests.api.test_auth_failures" name="test_endpoints_reject_nonexistent_api_key[/api/v1/collections/12345678-1234-5678-1234-567812345678-DELETE]" time="0.018" /><testcase classname="app.tests.api.test_auth_failures" name="test_endpoints_reject_nonexistent_api_key[/api/v1/collections/jobs/12345678-1234-5678-1234-567812345678-GET]" time="0.013" /><testcase classname="app.tests.api.test_auth_failures" name="test_endpoints_reject_nonexistent_api_key[/api/v1/documents-GET]" time="0.017" /><testcase classname="app.tests.api.routes.test_improve_prompt.TestValidateImprovePrompt" name="test_non_completed_raises_409[failed]" time="0.056" /><testcase classname="app.tests.api.test_auth_failures" name="test_endpoints_reject_nonexistent_api_key[/api/v1/documents-POST]" time="0.017" /><testcase classname="app.tests.api.test_auth_failures" name="test_endpoints_reject_nonexistent_api_key[/api/v1/documents/12345678-1234-5678-1234-567812345678-GET]" time="0.025" /><testcase classname="app.tests.api.test_auth_failures" name="test_endpoints_reject_nonexistent_api_key[/api/v1/documents/12345678-1234-5678-1234-567812345678-DELETE]" time="0.016" /><testcase classname="app.tests.api.routes.test_improve_prompt.TestValidateImprovePrompt" name="test_missing_trace_url_raises_422[None]" time="0.050" /><testcase classname="app.tests.api.test_auth_failures" name="test_endpoints_reject_nonexistent_api_key[/api/v1/documents/transformation/12345678-1234-5678-1234-567812345678-GET]" time="0.026" /><testcase classname="app.tests.api.routes.test_model_config" name="test_list_models" time="1.696" /><testcase classname="app.tests.api.test_auth_failures" name="test_endpoints_reject_nonexistent_api_key[/api/v1/cron/evaluations-GET]" time="0.021" /><testcase classname="app.tests.api.routes.test_improve_prompt.TestValidateImprovePrompt" name="test_missing_trace_url_raises_422[]" time="0.057" /><testcase classname="app.tests.api.test_auth_failures" name="test_endpoints_reject_nonexistent_api_key[/api/v1/cron/pending-jobs-GET]" time="0.016" /><testcase classname="app.tests.api.routes.test_tts_evaluation.TestTTSDatasetGet" name="test_get_dataset_not_found" time="0.296" /><testcase classname="app.tests.api.routes.test_stt_evaluation.TestSTTEvaluationRun" name="test_get_stt_run_not_found" time="0.294" /><testcase classname="app.tests.api.routes.test_evaluation.TestDatasetUploadValidation" name="test_upload_dataset_empty_rows" time="0.294" /><testcase classname="app.tests.api.test_auth_failures" name="test_endpoints_reject_nonexistent_api_key[/api/v1/evaluations/datasets-POST]" time="0.010" /><testcase classname="app.tests.api.routes.test_improve_prompt.TestValidateImprovePrompt" name="test_missing_config_reference_raises_422" time="0.026" /><testcase classname="app.tests.api.routes.test_evaluation_dataset_v2.TestUploadDatasetV2Route" name="test_duplication_factor_above_max_rejected" time="0.272" /><testcase classname="app.tests.api.test_auth_failures" name="test_endpoints_reject_nonexistent_api_key[/api/v1/evaluations/datasets-GET]" time="0.016" /><testcase classname="app.tests.api.routes.test_openai_conversation" name="test_list_conversations_with_pagination" time="0.283" /><testcase classname="app.tests.api.routes.configs.test_version" name="test_create_version_cannot_change_type_from_tts_to_text" time="0.312" /><testcase classname="app.tests.api.test_auth_failures" name="test_endpoints_reject_nonexistent_api_key[/api/v1/evaluations/datasets/12345678-1234-5678-1234-567812345678-GET]" time="0.021" /><testcase classname="app.tests.api.routes.collections.test_collection_delete" name="test_delete_collection_with_callback_url_passes_it_to_start_job" time="0.354" /><testcase classname="app.tests.api.routes.test_improve_prompt.TestValidateImprovePrompt" name="test_unresolvable_config_version_raises_409" time="0.060" /><testcase classname="app.tests.api.test_auth_failures" name="test_endpoints_reject_nonexistent_api_key[/api/v1/evaluations-POST]" time="0.024" /><testcase classname="app.tests.api.test_auth_failures" name="test_endpoints_reject_nonexistent_api_key[/api/v1/evaluations-GET]" time="0.011" /><testcase classname="app.tests.api.test_auth.TestGoogleAuth" name="test_google_auth_no_projects_forbidden" time="0.281" /><testcase classname="app.tests.api.test_auth_failures" name="test_endpoints_reject_nonexistent_api_key[/api/v1/evaluations/12345678-1234-5678-1234-567812345678-GET]" time="0.008" /><testcase classname="app.tests.api.test_auth_failures" name="test_endpoints_reject_nonexistent_api_key[/api/v1/llm/call-POST]" time="0.008" /><testcase classname="app.tests.api.routes.test_improve_prompt.TestStartJobRoute" name="test_returns_202_with_job_handle_and_persists_job" time="0.339" /><testcase classname="app.tests.api.test_deps.TestGetAuthContext" name="test_get_auth_context_with_valid_api_key" time="0.287" /><testcase classname="app.tests.api.routes.test_model_config" name="test_list_models_has_more" time="0.289" /><testcase classname="app.tests.api.routes.test_evaluation.TestDatasetUploadDuplication" name="test_upload_with_default_duplication" time="0.265" /><testcase classname="app.tests.api.routes.test_evaluation_dataset_v2.TestUploadDatasetV2Route" name="test_duplication_factor_below_min_rejected" time="0.273" /><testcase classname="app.tests.api.routes.test_stt_evaluation.TestSTTEvaluationRun" name="test_get_stt_run_with_signed_url" time="0.331" /><testcase classname="app.tests.api.routes.test_tts_evaluation.TestTTSDatasetGet" name="test_get_dataset_cross_org_access" time="0.285" /><testcase classname="app.tests.api.routes.test_openai_conversation" name="test_list_conversations_pagination_metadata" time="0.560" /><testcase classname="app.tests.api.routes.configs.test_version" name="test_create_version_with_kaapi_stt_provider_success" time="0.297" /><testcase classname="app.tests.api.test_auth.TestGoogleAuth" name="test_google_auth_success_single_project_via_api_key" time="0.037" /><testcase classname="app.tests.api.routes.collections.test_collection_delete" name="test_delete_collection_not_found_returns_404_and_does_not_start_job" time="0.262" /><testcase classname="app.tests.api.test_deps.TestGetAuthContext" name="test_get_auth_context_with_invalid_api_key" time="0.002" /><testcase classname="app.tests.api.test_auth.TestSelectProject" name="test_select_project_unauthenticated" time="0.023" /><testcase classname="app.tests.api.routes.test_improve_prompt.TestStartJobRoute" name="test_missing_callback_url_returns_422" time="0.304" /><testcase classname="app.tests.api.routes.test_api_key" name="test_verify_api_key_inactive_organization" time="0.811" /><testcase classname="app.tests.api.routes.test_model_config" name="test_list_models_filter_by_provider" time="0.263" /><testcase classname="app.tests.api.routes.test_evaluation_fast.TestFailureThreshold" name="test_returns_false_when_total_is_zero" time="0.001" /><testcase classname="app.tests.api.routes.test_evaluation_fast.TestFailureThreshold" name="test_returns_true_above_threshold" time="0.000" /><testcase classname="app.tests.api.routes.test_evaluation_fast.TestFailureThreshold" name="test_returns_false_at_threshold" time="0.000" /><testcase classname="app.tests.api.routes.test_evaluation_fast.TestCallWithRetry" name="test_returns_immediately_on_success" time="0.002" /><testcase classname="app.tests.api.routes.test_evaluation.TestDatasetUploadDuplication" name="test_upload_with_custom_duplication" time="0.287" /><testcase classname="app.tests.api.routes.test_evaluation_fast.TestCallWithRetry" name="test_retries_on_transient_then_succeeds" time="2.372" /><testcase classname="app.tests.api.routes.test_tts_evaluation.TestTTSDatasetGet" name="test_get_dataset_without_authentication" time="0.009" /><testcase classname="app.tests.api.routes.test_tts_evaluation.TestTTSEvaluationRun" name="test_start_evaluation_success" time="0.302" /><testcase classname="app.tests.api.routes.test_stt_evaluation.TestSTTEvaluationRun" name="test_get_stt_run_without_signed_url" time="0.334" /><testcase classname="app.tests.api.routes.configs.test_version" name="test_create_version_with_kaapi_tts_provider_success" time="0.326" /><testcase classname="app.tests.api.routes.collections.test_collection_info" name="test_collection_info_returns_collection_with_docs" time="0.299" /><testcase classname="app.tests.api.routes.test_model_config" name="test_list_models_invalid_limit" time="0.282" /><testcase classname="app.tests.api.routes.test_improve_prompt.TestStartJobRoute" name="test_invalid_callback_url_rejected_by_ssrf_guard[http://example.com/callback]" time="0.356" /><testcase classname="app.tests.api.routes.test_evaluation.TestDatasetUploadDuplication" name="test_upload_with_description" time="0.264" /><testcase classname="app.tests.api.routes.test_openai_conversation" name="test_list_conversations_default_pagination" time="0.260" /><testcase classname="app.tests.api.routes.test_tts_evaluation.TestTTSEvaluationRun" name="test_start_evaluation_multiple_models_total_items" time="0.276" /><testcase classname="app.tests.api.test_deps.TestGetAuthContext" name="test_get_auth_context_with_valid_token" time="0.523" /><testcase classname="app.tests.api.test_deps.TestGetAuthContext" name="test_get_auth_context_with_invalid_token" time="0.002" /><testcase classname="app.tests.api.test_deps.TestGetAuthContext" name="test_get_auth_context_with_no_credentials" time="0.001" /><testcase classname="app.tests.api.test_deps.TestGetAuthContext" name="test_get_auth_context_with_inactive_user_via_api_key" time="0.786" /><testcase classname="app.tests.api.routes.collections.test_collection_info" name="test_collection_info_include_docs_false_returns_no_docs" time="0.294" /><testcase classname="app.tests.api.routes.test_stt_evaluation.TestSTTEvaluationRun" name="test_get_stt_run_signed_url_failure" time="0.301" /><testcase classname="app.tests.api.routes.configs.test_version" name="test_create_config_with_kaapi_provider_success" time="0.277" /><testcase classname="app.tests.api.routes.test_model_config" name="test_get_model" time="0.266" /><testcase classname="app.tests.api.routes.test_evaluation.TestDatasetUploadDuplication" name="test_upload_with_duplication_factor_below_minimum" time="0.274" /><testcase classname="app.tests.api.routes.test_openai_conversation" name="test_list_conversations_edge_cases" time="0.506" /><testcase classname="app.tests.api.routes.test_improve_prompt.TestStartJobRoute" name="test_invalid_callback_url_rejected_by_ssrf_guard[https://10.0.0.1/callback]" time="0.293" /><testcase classname="app.tests.api.test_auth.TestSelectProject" name="test_select_project_no_access" time="0.743" /><testcase classname="app.tests.api.routes.test_tts_evaluation.TestTTSEvaluationRun" name="test_start_evaluation_celery_failure" time="0.466" /><testcase classname="app.tests.api.routes.documents.test_route_document_info.TestDocumentRouteInfo" name="test_response_is_success" time="0.320" /><testcase classname="app.tests.api.routes.collections.test_collection_info" name="test_collection_info_pagination_skip_and_limit" time="0.539" /><testcase classname="app.tests.api.routes.test_stt_evaluation.TestSTTEvaluationRun" name="test_get_stt_run_without_results" time="0.320" /><testcase classname="app.tests.api.routes.test_api_key" name="test_verify_api_key_inactive_project" time="0.752" /><testcase classname="app.tests.api.routes.test_evaluation.TestDatasetUploadDuplication" name="test_upload_with_duplication_factor_above_maximum" time="0.230" /><testcase classname="app.tests.api.routes.test_model_config" name="test_get_model_not_found" time="0.286" /><testcase classname="app.tests.api.routes.test_improve_prompt.TestStartJobRoute" name="test_invalid_callback_url_rejected_by_ssrf_guard[https://127.0.0.1/callback]" time="0.265" /><testcase classname="app.tests.api.routes.documents.test_route_document_info.TestDocumentRouteInfo" name="test_info_reflects_database" time="0.481" /><testcase classname="app.tests.api.routes.test_stt_evaluation.TestSTTResultFeedback" name="test_update_feedback_not_found" time="0.270" /><testcase classname="app.tests.api.routes.test_evaluation.TestDatasetUploadDuplication" name="test_upload_with_duplication_factor_boundary_minimum" time="0.253" /><testcase classname="app.tests.api.routes.test_model_config" name="test_list_models_grouped" time="0.231" /><testcase classname="app.tests.api.routes.test_tts_evaluation.TestTTSEvaluationRun" name="test_start_evaluation_invalid_dataset" time="0.256" /><testcase classname="app.tests.api.routes.test_openai_conversation" name="test_list_conversations_invalid_pagination" time="0.264" /><testcase classname="app.tests.api.routes.test_improve_prompt.TestStartJobRoute" name="test_enqueue_failure_marks_job_failed_and_raises_500" time="0.148" /><testcase classname="app.tests.api.test_auth.TestSelectProject" name="test_select_project_success" time="0.513" /><testcase classname="app.tests.api.test_auth.TestRefreshToken" name="test_refresh_no_cookie" time="0.014" /><testcase classname="app.tests.api.test_auth.TestRefreshToken" name="test_refresh_with_access_token_instead" time="0.252" /><testcase classname="app.tests.api.test_deps.TestGetAuthContext" name="test_get_auth_context_with_inactive_user_via_token" time="0.753" /><testcase classname="app.tests.api.routes.collections.test_collection_info" name="test_collection_info_vector_store_collection" time="0.484" /><testcase classname="app.tests.api.routes.test_stt_evaluation.TestSTTResultFeedback" name="test_update_feedback_without_authentication" time="0.012" /><testcase classname="app.tests.api.routes.test_improve_prompt.TestStartJobRoute" name="test_fast_validation_error_does_not_enqueue[None-404-evaluation_not_found]" time="0.284" /><testcase classname="app.tests.api.routes.test_stt_evaluation.TestListAudioFiles" name="test_list_audio_files_empty" time="0.243" /><testcase classname="app.tests.api.routes.test_evaluation.TestDatasetUploadErrors" name="test_upload_returns_500_when_langfuse_upload_raises" time="0.343" /><testcase classname="app.tests.api.routes.test_model_config" name="test_list_models_grouped_has_more" time="0.256" /><testcase classname="app.tests.api.routes.test_tts_evaluation.TestTTSEvaluationRun" name="test_start_evaluation_empty_dataset" time="0.238" /><testcase classname="app.tests.api.routes.test_openai_conversation" name="test_delete_conversation_success" time="0.494" /><testcase classname="app.tests.api.test_auth.TestRefreshToken" name="test_refresh_with_expired_token" time="0.228" /><testcase classname="app.tests.api.routes.documents.test_route_document_info.TestDocumentRouteInfo" name="test_cannot_info_unknown_document" time="0.465" /><testcase classname="app.tests.api.routes.test_assistants" name="test_ingest_assistant_success" time="0.302" /><testcase classname="app.tests.api.routes.test_stt_evaluation.TestListAudioFiles" name="test_list_audio_files_with_data" time="0.242" /><testcase classname="app.tests.api.routes.test_improve_prompt.TestStartJobRoute" name="test_fast_validation_error_does_not_enqueue[make_run_kwargs1-409-evaluation_not_completed]" time="0.268" /><testcase classname="app.tests.api.routes.test_model_config" name="test_list_models_grouped_invalid_limit" time="0.234" /><testcase classname="app.tests.api.routes.test_tts_evaluation.TestTTSEvaluationRun" name="test_start_evaluation_unsupported_model" time="0.247" /><testcase classname="app.tests.api.test_auth.TestRefreshToken" name="test_refresh_success" time="0.238" /><testcase classname="app.tests.api.routes.test_evaluation.TestDatasetUploadErrors" name="test_upload_invalid_csv_format" time="0.239" /><testcase classname="app.tests.api.routes.collections.test_collection_info" name="test_collection_info_not_found_returns_404" time="0.241" /><testcase classname="app.tests.api.routes.test_stt_evaluation.TestListAudioFiles" name="test_list_audio_files_with_signed_urls" time="0.251" /><testcase classname="app.tests.api.routes.test_model_config" name="test_list_providers" time="0.257" /><testcase classname="app.tests.api.routes.test_tts_evaluation.TestTTSEvaluationRun" name="test_start_evaluation_empty_models_list" time="0.243" /><testcase classname="app.tests.api.routes.test_improve_prompt.TestStartJobRoute" name="test_fast_validation_error_does_not_enqueue[make_run_kwargs2-422-traces_not_available]" time="0.264" /><testcase classname="app.tests.api.routes.test_assistants" name="test_create_assistant_success" time="0.246" /><testcase classname="app.tests.api.routes.test_openai_conversation" name="test_delete_conversation_not_found" time="0.242" /><testcase classname="app.tests.api.test_auth.TestRefreshToken" name="test_refresh_with_org_project" time="0.017" /><testcase classname="app.tests.api.test_auth.TestRefreshToken" name="test_refresh_inactive_user" time="0.239" /><testcase classname="app.tests.api.routes.test_evaluation.TestDatasetUploadErrors" name="test_upload_without_authentication" time="0.009" /><testcase classname="app.tests.api.routes.test_evaluation.TestBatchEvaluation" name="test_start_batch_evaluation_invalid_dataset_id" time="0.282" /><testcase classname="app.tests.api.test_deps.TestGetAuthContext" name="test_get_auth_context_with_inactive_organization" time="0.229" /><testcase classname="app.tests.api.routes.documents.test_route_document_list.TestDocumentRouteList" name="test_response_is_success" time="0.248" /><testcase classname="app.tests.api.routes.collections.test_collection_info" name="test_collection_info_include_docs_and_url" time="0.354" /><testcase classname="app.tests.api.routes.test_model_config" name="test_create_model_single" time="0.256" /><testcase classname="app.tests.api.routes.test_stt_evaluation.TestListAudioFiles" name="test_list_audio_files_without_signed_urls" time="0.256" /><testcase classname="app.tests.api.routes.test_tts_evaluation.TestTTSEvaluationRun" name="test_start_evaluation_cross_org_access" time="0.255" /><testcase classname="app.tests.api.routes.test_assistants" name="test_create_assistant_invalid_vector_store" time="0.247" /><testcase classname="app.tests.api.routes.test_improve_prompt.TestExecuteWorker" name="test_happy_path_mints_new_version_and_records_meta" time="0.069" /><testcase classname="app.tests.api.test_auth.TestLogout" name="test_logout_success" time="0.008" /><testcase classname="app.tests.api.test_auth.TestMagicLink" name="test_magic_link_email_not_configured" time="0.015" /><testcase classname="app.tests.api.test_deps.TestGetAuthContext" name="test_get_auth_context_with_inactive_project" time="0.235" /><testcase classname="app.tests.api.test_auth.TestMagicLink" name="test_magic_link_nonexistent_user" time="0.028" /><testcase classname="app.tests.api.routes.test_improve_prompt.TestExecuteWorker" name="test_success_fires_callback_with_config_version" time="0.076" /><testcase classname="app.tests.api.test_auth.TestMagicLink" name="test_magic_link_inactive_user_allowed" time="0.265" /><testcase classname="app.tests.api.routes.test_evaluation.TestBatchEvaluation" name="test_start_batch_evaluation_invalid_config_id" time="0.268" /><testcase classname="app.tests.api.routes.documents.test_route_document_list.TestDocumentRouteList" name="test_empty_db_returns_empty_list" time="0.364" /><testcase classname="app.tests.api.routes.test_improve_prompt.TestExecuteWorker" name="test_long_rationale_truncated_in_commit_message" time="0.058" /><testcase classname="app.tests.api.routes.test_improve_prompt.TestExecuteWorker" name="test_llm_runtime_error_marks_failed_and_fires_failure_callback" time="0.047" /><testcase classname="app.tests.api.routes.test_org" name="test_create_organization" time="0.253" /><testcase classname="app.tests.api.routes.test_tts_evaluation.TestTTSEvaluationRun" name="test_start_evaluation_without_authentication" time="0.009" /><testcase classname="app.tests.api.routes.test_stt_evaluation.TestListAudioFiles" name="test_list_audio_files_project_isolation" time="0.269" /><testcase classname="app.tests.api.routes.test_model_config" name="test_create_model_multiple" time="0.265" /><testcase classname="app.tests.api.routes.collections.test_collection_job_info" name="test_collection_info_processing" time="0.259" /><testcase classname="app.tests.api.routes.test_assistants" name="test_update_assistant_success" time="0.287" /><testcase classname="app.tests.api.routes.test_tts_evaluation.TestTTSEvaluationRun" name="test_list_runs_empty" time="0.260" /><testcase classname="app.tests.api.routes.test_improve_prompt.TestExecuteWorker" name="test_trace_download_failure_fires_failure_callback" time="0.038" /><testcase classname="app.tests.api.routes.test_evaluation_fast.TestCallWithRetry" name="test_does_not_retry_on_permanent_error" time="0.001" /><testcase classname="app.tests.api.routes.test_improve_prompt.TestExecuteWorker" name="test_timeout_marks_failed_and_fires_failure_callback[gevent]" time="0.058" /><testcase classname="app.tests.api.routes.test_evaluation_fast.TestFastEvaluationRoute" name="test_fr4_accepts_eligible_request_and_dispatches" time="0.322" /><testcase classname="app.tests.api.routes.test_improve_prompt.TestExecuteWorker" name="test_timeout_marks_failed_and_fires_failure_callback[celery]" time="0.047" /><testcase classname="app.tests.api.test_auth.TestMagicLink" name="test_magic_link_success" time="0.239" /><testcase classname="app.tests.api.routes.test_evaluation.TestBatchEvaluation" name="test_start_batch_evaluation_without_authentication" time="0.009" /><testcase classname="app.tests.api.routes.test_evaluation.TestBatchEvaluationJSONLBuilding" name="test_build_batch_jsonl_basic" time="0.001" /><testcase classname="app.tests.api.routes.test_evaluation.TestBatchEvaluationJSONLBuilding" name="test_build_batch_jsonl_with_tools" time="0.001" /><testcase classname="app.tests.api.routes.test_evaluation.TestBatchEvaluationJSONLBuilding" name="test_build_batch_jsonl_minimal_config" time="0.000" /><testcase classname="app.tests.api.routes.test_evaluation.TestBatchEvaluationJSONLBuilding" name="test_build_batch_jsonl_skips_empty_questions" time="0.000" /><testcase classname="app.tests.api.routes.test_evaluation.TestBatchEvaluationJSONLBuilding" name="test_build_batch_jsonl_multiple_items" time="0.000" /><testcase classname="app.tests.api.routes.test_evaluation.TestBatchEvaluationJSONLBuilding" name="test_build_batch_jsonl_temperature_included_when_explicitly_set" time="0.001" /><testcase classname="app.tests.api.routes.test_evaluation.TestBatchEvaluationJSONLBuilding" name="test_build_batch_jsonl_temperature_excluded_when_not_set" time="0.000" /><testcase classname="app.tests.api.routes.test_evaluation.TestBatchEvaluationJSONLBuilding" name="test_build_batch_jsonl_temperature_zero_included_when_explicitly_set" time="0.000" /><testcase classname="app.tests.api.routes.test_evaluation.TestBuildGoogleEvaluationJSONL" name="test_basic_question_only" time="0.000" /><testcase classname="app.tests.api.routes.test_evaluation.TestBuildGoogleEvaluationJSONL" name="test_instructions_become_system_instruction" time="0.000" /><testcase classname="app.tests.api.routes.test_evaluation.TestBuildGoogleEvaluationJSONL" name="test_temperature_in_generation_config" time="0.000" /><testcase classname="app.tests.api.routes.test_evaluation.TestBuildGoogleEvaluationJSONL" name="test_temperature_zero_included" time="0.000" /><testcase classname="app.tests.api.routes.test_evaluation.TestBuildGoogleEvaluationJSONL" name="test_reasoning_becomes_thinking_config" time="0.000" /><testcase classname="app.tests.api.routes.test_evaluation.TestBuildGoogleEvaluationJSONL" name="test_knowledge_base_ids_become_file_search_tool" time="0.000" /><testcase classname="app.tests.api.routes.test_evaluation.TestBuildGoogleEvaluationJSONL" name="test_no_knowledge_base_ids_no_tools" time="0.000" /><testcase classname="app.tests.api.routes.test_evaluation.TestBuildGoogleEvaluationJSONL" name="test_full_params" time="0.000" /><testcase classname="app.tests.api.routes.test_evaluation.TestBuildGoogleEvaluationJSONL" name="test_skips_empty_and_missing_questions" time="0.000" /><testcase classname="app.tests.api.routes.test_evaluation.TestBuildGoogleEvaluationJSONL" name="test_multiple_items" time="0.000" /><testcase classname="app.tests.api.routes.test_improve_prompt.TestExecuteWorker" name="test_redelivery_of_success_job_is_noop_and_resends_callback" time="0.069" /><testcase classname="app.tests.api.routes.test_evaluation.TestStartEvaluationBatch" name="test_openai_branch" time="0.056" /><testcase classname="app.tests.api.routes.test_evaluation.TestStartEvaluationBatch" name="test_native_suffix_resolves_to_base_provider" time="0.038" /><testcase classname="app.tests.api.routes.test_stt_evaluation.TestListAudioFiles" name="test_list_audio_files_requires_authentication" time="0.021" /><testcase classname="app.tests.api.routes.test_improve_prompt.TestPollRouteRemoved" name="test_old_poll_path_no_longer_routed" time="0.053" /><testcase classname="app.tests.api.routes.documents.test_route_document_list.TestDocumentRouteList" name="test_item_reflects_database" time="0.255" /><testcase classname="app.tests.api.routes.test_org" name="test_read_organizations" time="0.277" /><testcase classname="app.tests.api.routes.collections.test_collection_job_info" name="test_collection_info_create_successful" time="0.261" /><testcase classname="app.tests.api.routes.test_model_config" name="test_create_model_invalid_modality" time="0.262" /><testcase classname="app.tests.api.routes.test_evaluation.TestStartEvaluationBatch" name="test_google_branch" time="0.037" /><testcase classname="app.tests.api.routes.test_tts_evaluation.TestTTSEvaluationRun" name="test_list_runs_with_data" time="0.270" /><testcase classname="app.tests.api.routes.test_stt_evaluation.TestGetAudioFile" name="test_get_audio_file_success" time="0.267" /><testcase classname="app.tests.api.routes.test_assistants" name="test_update_assistant_invalid_vector_store" time="0.268" /><testcase classname="app.tests.api.routes.test_improve_prompt_v2.TestV2Route" name="test_judge_run_returns_202_with_job_handle_and_enqueues" time="0.288" /><testcase classname="app.tests.api.routes.test_evaluation.TestStartEvaluationBatch" name="test_unsupported_provider_marks_failed" time="0.039" /><testcase classname="app.tests.api.routes.test_evaluation.TestStartEvaluationBatch" name="test_empty_jsonl_marks_failed" time="0.037" /><testcase classname="app.tests.api.test_auth.TestMagicLink" name="test_magic_link_records_sent_notification" time="0.260" /><testcase classname="app.tests.api.routes.test_evaluation.TestGetEvaluationRunStatus" name="test_get_evaluation_run_trace_info_not_completed" time="0.302" /><testcase classname="app.tests.api.routes.test_evaluation_fast.TestFastEvaluationRoute" name="test_fr2_rejects_dataset_with_too_many_unique_rows" time="0.292" /><testcase classname="app.tests.api.routes.documents.test_route_document_list.TestDocumentRouteList" name="test_negative_skip_produces_error" time="0.263" /><testcase classname="app.tests.api.routes.collections.test_collection_job_info" name="test_collection_info_create_failed" time="0.274" /><testcase classname="app.tests.api.routes.test_model_config" name="test_create_model_invalid_completion_type" time="0.253" /><testcase classname="app.tests.api.routes.test_tts_evaluation.TestTTSEvaluationRun" name="test_list_runs_filter_by_dataset" time="0.294" /><testcase classname="app.tests.api.routes.test_org" name="test_update_organization" time="0.321" /><testcase classname="app.tests.api.routes.test_stt_evaluation.TestGetAudioFile" name="test_get_audio_file_with_signed_url" time="0.288" /><testcase classname="app.tests.api.test_deps.TestGetAuthContext" name="test_get_auth_context_with_cookie_token" time="0.504" /><testcase classname="app.tests.api.routes.test_assistants" name="test_update_assistant_not_found" time="0.289" /><testcase classname="app.tests.api.test_deps.TestGetAuthContext" name="test_get_auth_context_with_expired_token" time="0.002" /><testcase classname="app.tests.api.test_deps.TestGetAuthContext" name="test_get_auth_context_rejects_refresh_token" time="0.003" /><testcase classname="app.tests.api.test_deps.TestGetAuthContext" name="test_get_auth_context_jwt_with_org_and_project" time="0.023" /><testcase classname="app.tests.api.test_permissions.TestHasPermission" name="test_superuser_permission_with_superuser" time="0.732" /><testcase classname="app.tests.api.routes.test_improve_prompt_v2.TestV2Route" name="test_non_judge_run_returns_422_not_a_judge_run" time="0.311" /><testcase classname="app.tests.api.test_auth.TestMagicLink" name="test_magic_link_records_failed_notification_on_smtp_error" time="0.406" /><testcase classname="app.tests.api.routes.test_evaluation.TestGetEvaluationRunStatus" name="test_get_evaluation_run_trace_info_completed" time="0.260" /><testcase classname="app.tests.api.routes.test_evaluation_fast.TestFastEvaluationRoute" name="test_fr1_rejects_non_text_config" time="0.266" /><testcase classname="app.tests.api.routes.documents.test_route_document_list.TestDocumentRouteList" name="test_negative_limit_produces_error" time="0.233" /><testcase classname="app.tests.api.routes.collections.test_collection_job_info" name="test_collection_info_delete_successful" time="0.271" /><testcase classname="app.tests.api.routes.test_model_config" name="test_update_model_replaces_completion_type" time="0.317" /><testcase classname="app.tests.api.routes.test_stt_evaluation.TestGetAudioFile" name="test_get_audio_file_without_signed_url" time="0.264" /><testcase classname="app.tests.api.routes.test_assistants" name="test_get_assistant_success" time="0.251" /><testcase classname="app.tests.api.routes.test_tts_evaluation.TestTTSEvaluationRun" name="test_list_runs_filter_by_status" time="0.280" /><testcase classname="app.tests.api.routes.test_org" name="test_delete_organization" time="0.301" /><testcase classname="app.tests.api.routes.test_improve_prompt_v2.TestV2Route" name="test_missing_run_returns_404" time="0.268" /><testcase classname="app.tests.api.routes.test_evaluation.TestGetEvaluationRunStatus" name="test_get_evaluation_run_not_found" time="0.251" /><testcase classname="app.tests.api.routes.test_evaluation_fast.TestFastEvaluationRoute" name="test_fr3_rejects_duplicate_run_name" time="0.679" /><testcase classname="app.tests.api.routes.documents.test_route_document_list.TestDocumentRouteList" name="test_skip_greater_than_limit_is_difference" time="0.283" /><testcase classname="app.tests.api.test_auth.TestMagicLinkVerify" name="test_verify_invalid_token" time="0.018" /><testcase classname="app.tests.api.test_auth.TestMagicLinkVerify" name="test_verify_expired_token" time="0.241" /><testcase classname="app.tests.api.routes.collections.test_collection_job_info" name="test_collection_info_delete_failed" time="0.284" /><testcase classname="app.tests.api.routes.test_stt_evaluation.TestGetAudioFile" name="test_get_audio_file_not_found" time="0.281" /><testcase classname="app.tests.api.routes.test_assistants" name="test_get_assistant_not_found" time="0.251" /><testcase classname="app.tests.api.routes.test_model_config" name="test_update_model_only_sent_fields_changed" time="0.291" /><testcase classname="app.tests.api.routes.test_tts_evaluation.TestTTSEvaluationRun" name="test_list_runs_pagination" time="0.312" /><testcase classname="app.tests.api.routes.test_org" name="test_hard_delete_organization" time="0.278" /><testcase classname="app.tests.api.routes.test_improve_prompt_v2.TestV2Route" name="test_non_completed_run_returns_409" time="0.308" /><testcase classname="app.tests.api.routes.test_evaluation.TestGetEvaluationRunStatus" name="test_get_evaluation_run_without_trace_info" time="0.288" /><testcase classname="app.tests.api.routes.documents.test_route_document_permanent_remove.TestDocumentRoutePermanentRemove" name="test_permanent_delete_document_from_s3" time="0.398" /><testcase classname="app.tests.api.test_auth.TestMagicLinkVerify" name="test_verify_user_not_found" time="0.010" /><testcase classname="app.tests.api.test_auth.TestMagicLinkVerify" name="test_verify_activates_inactive_user" time="0.262" /><testcase classname="app.tests.api.test_permissions.TestHasPermission" name="test_superuser_permission_with_regular_user" time="0.796" /><testcase classname="app.tests.api.routes.collections.test_collection_list" name="test_list_collections_returns_api_response" time="0.291" /><testcase classname="app.tests.api.routes.test_assistants" name="test_list_assistants_success" time="0.249" /><testcase classname="app.tests.api.routes.test_model_config" name="test_update_model_not_found" time="0.281" /><testcase classname="app.tests.api.routes.test_stt_evaluation.TestGetAudioFile" name="test_get_audio_file_wrong_project" time="0.285" /><testcase classname="app.tests.api.routes.test_tts_evaluation.TestTTSEvaluationRun" name="test_list_runs_without_authentication" time="0.010" /><testcase classname="app.tests.api.routes.test_org" name="test_read_organizations_has_more" time="0.286" /><testcase classname="app.tests.api.routes.test_tts_evaluation.TestTTSEvaluationRun" name="test_get_run_success" time="0.265" /><testcase classname="app.tests.api.routes.test_improve_prompt_v2.TestV2Route" name="test_missing_trace_url_returns_422" time="0.303" /><testcase classname="app.tests.api.routes.test_private" name="test_create_user" time="0.259" /><testcase classname="app.tests.api.routes.test_evaluation.TestGetEvaluationRunStatus" name="test_get_evaluation_run_resync_without_trace_info_fails" time="0.270" /><testcase classname="app.tests.api.test_auth.TestMagicLinkVerify" name="test_verify_success" time="0.353" /><testcase classname="app.tests.api.routes.test_assistants" name="test_list_assistants_invalid_pagination" time="0.755" /><testcase classname="app.tests.api.routes.test_evaluation_fast.TestFastEvaluationRoute" name="test_fr15_get_evaluation_returns_run_mode" time="0.280" /><testcase classname="app.tests.api.routes.collections.test_collection_list" name="test_list_collections_includes_new_collection" time="0.509" /><testcase classname="app.tests.api.routes.test_stt_evaluation.TestGetAudioFile" name="test_get_audio_file_requires_authentication" time="0.007" /><testcase classname="app.tests.api.routes.test_stt_evaluation.TestGetAudioFile" name="test_get_audio_file_signed_url_failure" time="0.264" /><testcase classname="app.tests.api.routes.test_model_config" name="test_update_model_invalid_modality" time="0.279" /><testcase classname="app.tests.api.routes.documents.test_route_document_permanent_remove.TestDocumentRoutePermanentRemove" name="test_cannot_delete_nonexistent_document" time="0.276" /><testcase classname="app.tests.api.routes.test_tts_evaluation.TestTTSEvaluationRun" name="test_get_run_with_results" time="0.265" /><testcase classname="app.tests.api.routes.test_private" name="test_processes_base64_row" time="0.003" /><testcase classname="app.tests.api.routes.test_private" name="test_skips_already_migrated_uri" time="0.001" /><testcase classname="app.tests.api.routes.test_private" name="test_skips_null_content" time="0.002" /><testcase classname="app.tests.api.routes.test_private" name="test_fails_when_upload_returns_none" time="0.002" /><testcase classname="app.tests.api.routes.test_private" name="test_fails_on_upload_exception" time="0.002" /><testcase classname="app.tests.api.routes.test_private" name="test_uses_correct_s3_prefix" time="0.004" /><testcase classname="app.tests.api.routes.test_private" name="test_preserves_mime_type" time="0.004" /><testcase classname="app.tests.api.routes.test_private" name="test_no_candidates" time="0.001" /><testcase classname="app.tests.api.routes.test_evaluation.TestGetEvaluationRunStatus" name="test_get_evaluation_run_grouped_format_without_trace_info_fails" time="0.259" /><testcase classname="app.tests.api.routes.test_private" name="test_returns_all_summary_fields" time="0.001" /><testcase classname="app.tests.api.routes.test_private" name="test_mixed_rows" time="0.002" /><testcase classname="app.tests.api.routes.test_private" name="test_caches_storage_per_project" time="0.001" /><testcase classname="app.tests.api.routes.test_improve_prompt_v2.TestV2Route" name="test_invalid_callback_url_rejected_by_ssrf_guard[http://example.com/callback]" time="0.266" /><testcase classname="app.tests.api.routes.test_evaluation_fast.TestDatasetListEligibleForFast" name="test_fr5_filters_to_fast_eligible_only" time="0.311" /><testcase classname="app.tests.api.test_auth.TestInviteVerify" name="test_verify_invalid_token" time="0.013" /><testcase classname="app.tests.api.routes.test_model_config" name="test_bulk_update_models" time="0.296" /><testcase classname="app.tests.api.routes.test_threads" name="test_threads_endpoint" time="0.284" /><testcase classname="app.tests.api.test_auth.TestInviteVerify" name="test_verify_user_not_found" time="0.031" /><testcase classname="app.tests.api.routes.documents.test_route_document_remove.TestDocumentRouteRemove" name="test_response_is_success" time="0.337" /><testcase classname="app.tests.api.routes.test_tts_evaluation.TestTTSEvaluationRun" name="test_get_run_with_signed_urls_and_null_object_store_url" time="0.309" /><testcase classname="app.tests.api.test_auth.TestInviteVerify" name="test_verify_activates_inactive_user" time="0.296" /><testcase classname="app.tests.api.routes.test_project" name="test_create_new_project" time="0.322" /><testcase classname="app.tests.api.routes.test_evaluation.TestGetEvaluationRunStatus" name="test_get_evaluation_run_grouped_format_success" time="0.296" /><testcase classname="app.tests.api.routes.test_improve_prompt_v2.TestV2Route" name="test_invalid_callback_url_rejected_by_ssrf_guard[https://127.0.0.1/callback]" time="0.343" /><testcase classname="app.tests.api.test_permissions.TestHasPermission" name="test_require_organization_permission_with_organization" time="0.719" /><testcase classname="app.tests.api.routes.collections.test_collection_list" name="test_list_collections_includes_vector_store_collection_with_fields" time="0.252" /><testcase classname="app.tests.api.routes.test_threads" name="test_process_run_variants[True-Glific is an open-source, two-way messaging platform designed for nonprofits to scale their outreach via WhatsApp]" time="0.003" /><testcase classname="app.tests.api.routes.test_threads" name="test_process_run_variants[False-Glific is an open-source, two-way messaging platform designed for nonprofits to scale their outreach via WhatsApp\u30101:2\u2020citation\u3011]" time="0.001" /><testcase classname="app.tests.api.routes.test_evaluation_fast.TestRunResponseChunk" name="test_writes_chunk_job_and_partial_unit" time="0.046" /><testcase classname="app.tests.api.routes.test_threads" name="test_threads_sync_endpoint_active_run" time="0.376" /><testcase classname="app.tests.api.routes.test_evaluation_fast.TestRunResponseChunk" name="test_idempotent_skips_openai_when_chunk_already_done" time="0.035" /><testcase classname="app.tests.api.routes.test_model_config" name="test_bulk_update_atomic_on_missing_target" time="0.313" /><testcase classname="app.tests.api.test_auth.TestInviteVerify" name="test_verify_success_active_user" time="0.248" /><testcase classname="app.tests.api.routes.test_tts_evaluation.TestTTSEvaluationRun" name="test_get_run_without_results" time="0.263" /><testcase classname="app.tests.api.routes.documents.test_route_document_remove.TestDocumentRouteRemove" name="test_item_is_soft_removed" time="0.267" /><testcase classname="app.tests.api.routes.test_evaluation_fast.TestMergeResponseChunks" name="test_concatenates_in_index_order_dedups_and_sets_batch_job_id" time="0.061" /><testcase classname="app.tests.api.routes.test_evaluation.TestListDatasets" name="test_list_datasets_success" time="0.296" /><testcase classname="app.tests.api.routes.test_project" name="test_read_projects" time="0.277" /><testcase classname="app.tests.api.routes.test_assistants" name="test_delete_assistant_success" time="0.275" /><testcase classname="app.tests.api.routes.test_evaluation_fast.TestMergeResponseChunks" name="test_retry_reloads_canonical_when_batch_job_id_set" time="0.052" /><testcase classname="app.tests.api.routes.test_improve_prompt_v2.TestV2Worker" name="test_judge_run_mints_version_and_sends_recommendation_callback" time="0.078" /><testcase classname="app.tests.api.routes.collections.test_collection_list" name="test_list_collections_does_not_error_with_no_collections" time="0.266" /><testcase classname="app.tests.api.routes.test_evaluation_fast.TestStageSkipping" name="test_fr7_stage2_skips_when_embedding_batch_job_id_already_set" time="0.037" /><testcase classname="app.tests.api.routes.test_evaluation_fast.TestFastPipelineEndToEnd" name="test_pipeline_completes_with_scores_and_writes_batch_jobs" time="1.430" /><testcase classname="app.tests.api.routes.test_improve_prompt_v2.TestV2Worker" name="test_v2_message_carries_metric_reasoning_and_ignores_na" time="0.058" /><testcase classname="app.tests.api.test_auth.TestTokenGeneration" name="test_generate_and_verify_invite_token" time="0.000" /><testcase classname="app.tests.api.test_auth.TestTokenGeneration" name="test_verify_invite_token_wrong_type" time="0.000" /><testcase classname="app.tests.api.test_auth.TestTokenGeneration" name="test_generate_and_verify_magic_link_token" time="0.000" /><testcase classname="app.tests.api.test_auth.TestTokenGeneration" name="test_verify_magic_link_token_wrong_type" time="0.000" /><testcase classname="app.tests.api.test_auth.TestTokenGeneration" name="test_verify_invalid_token_returns_none" time="0.001" /><testcase classname="app.tests.api.test_auth.TestTokenGeneration" name="test_verify_invite_token_invalid" time="0.001" /><testcase classname="app.tests.api.routes.test_improve_prompt_v2.TestV2Worker" name="test_non_judge_run_uses_v1_shape_no_recommendation_type" time="0.058" /><testcase classname="app.tests.api.test_auth_failures" name="test_endpoints_reject_missing_auth_header[/api/v1/collections-GET]" time="0.009" /><testcase classname="app.tests.api.test_auth_failures" name="test_endpoints_reject_missing_auth_header[/api/v1/collections-POST]" time="0.009" /><testcase classname="app.tests.api.test_auth_failures" name="test_endpoints_reject_missing_auth_header[/api/v1/collections/12345678-1234-5678-1234-567812345678-GET]" time="0.009" /><testcase classname="app.tests.api.routes.test_tts_evaluation.TestTTSEvaluationRun" name="test_get_run_not_found" time="0.245" /><testcase classname="app.tests.api.test_auth_failures" name="test_endpoints_reject_missing_auth_header[/api/v1/collections/12345678-1234-5678-1234-567812345678-DELETE]" time="0.010" /><testcase classname="app.tests.api.routes.documents.test_route_document_remove.TestDocumentRouteRemove" name="test_cannot_remove_unknown_document" time="0.256" /><testcase classname="app.tests.api.test_auth_failures" name="test_endpoints_reject_missing_auth_header[/api/v1/collections/jobs/12345678-1234-5678-1234-567812345678-GET]" time="0.009" /><testcase classname="app.tests.api.test_auth_failures" name="test_endpoints_reject_missing_auth_header[/api/v1/documents-GET]" time="0.015" /><testcase classname="app.tests.api.routes.test_model_config" name="test_delete_model" time="0.301" /><testcase classname="app.tests.api.routes.test_improve_prompt_v2.TestV2Worker" name="test_redelivery_of_success_judge_job_resends_v2_callback_without_new_version" time="0.094" /><testcase classname="app.tests.api.test_auth_failures" name="test_endpoints_reject_missing_auth_header[/api/v1/documents-POST]" time="0.021" /><testcase classname="app.tests.api.routes.test_evaluation.TestListDatasets" name="test_list_datasets_empty" time="0.255" /><testcase classname="app.tests.api.routes.test_threads" name="test_threads_sync_endpoint_success" time="0.255" /><testcase classname="app.tests.api.test_auth_failures" name="test_endpoints_reject_missing_auth_header[/api/v1/documents/12345678-1234-5678-1234-567812345678-GET]" time="0.023" /><testcase classname="app.tests.api.routes.test_project" name="test_read_projects_has_more" time="0.314" /><testcase classname="app.tests.api.routes.test_assistants" name="test_delete_assistant_not_found" time="0.266" /><testcase classname="app.tests.api.test_auth_failures" name="test_endpoints_reject_missing_auth_header[/api/v1/documents/12345678-1234-5678-1234-567812345678-DELETE]" time="0.010" /><testcase classname="app.tests.api.test_auth_failures" name="test_endpoints_reject_missing_auth_header[/api/v1/documents/transformation/12345678-1234-5678-1234-567812345678-GET]" time="0.011" /><testcase classname="app.tests.api.test_auth_failures" name="test_endpoints_reject_missing_auth_header[/api/v1/cron/evaluations-GET]" time="0.016" /><testcase classname="app.tests.api.routes.collections.test_collection_update" name="test_update_collection_returns_updated_fields" time="0.273" /><testcase classname="app.tests.api.test_auth_failures" name="test_endpoints_reject_missing_auth_header[/api/v1/cron/pending-jobs-GET]" time="0.010" /><testcase classname="app.tests.api.test_auth_failures" name="test_endpoints_reject_missing_auth_header[/api/v1/evaluations/datasets-POST]" time="0.009" /><testcase classname="app.tests.api.test_auth_failures" name="test_endpoints_reject_missing_auth_header[/api/v1/evaluations/datasets-GET]" time="0.010" /><testcase classname="app.tests.api.test_auth_failures" name="test_endpoints_reject_missing_auth_header[/api/v1/evaluations/datasets/12345678-1234-5678-1234-567812345678-GET]" time="0.017" /><testcase classname="app.tests.api.test_auth_failures" name="test_endpoints_reject_missing_auth_header[/api/v1/evaluations-POST]" time="0.009" /><testcase classname="app.tests.api.test_auth_failures" name="test_endpoints_reject_missing_auth_header[/api/v1/evaluations-GET]" time="0.008" /><testcase classname="app.tests.api.test_auth_failures" name="test_endpoints_reject_missing_auth_header[/api/v1/evaluations/12345678-1234-5678-1234-567812345678-GET]" time="0.009" /><testcase classname="app.tests.api.test_auth_failures" name="test_endpoints_reject_missing_auth_header[/api/v1/llm/call-POST]" time="0.008" /><testcase classname="app.tests.api.test_auth_failures" name="test_endpoints_reject_invalid_auth_format[/api/v1/collections-GET]" time="0.013" /><testcase classname="app.tests.api.test_auth_failures" name="test_endpoints_reject_invalid_auth_format[/api/v1/collections-POST]" time="0.011" /><testcase classname="app.tests.api.test_auth_failures" name="test_endpoints_reject_invalid_auth_format[/api/v1/collections/12345678-1234-5678-1234-567812345678-GET]" time="0.010" /><testcase classname="app.tests.api.routes.test_tts_evaluation.TestTTSEvaluationRun" name="test_get_run_cross_org_access" time="0.279" /><testcase classname="app.tests.api.test_auth_failures" name="test_endpoints_reject_invalid_auth_format[/api/v1/collections/12345678-1234-5678-1234-567812345678-DELETE]" time="0.010" /><testcase classname="app.tests.api.test_auth_failures" name="test_endpoints_reject_invalid_auth_format[/api/v1/collections/jobs/12345678-1234-5678-1234-567812345678-GET]" time="0.011" /><testcase classname="app.tests.api.test_auth_failures" name="test_endpoints_reject_invalid_auth_format[/api/v1/documents-GET]" time="0.008" /><testcase classname="app.tests.api.routes.documents.test_route_document_upload.TestDocumentRouteUpload" name="test_adds_to_database" time="0.881" /><testcase classname="app.tests.api.test_auth_failures" name="test_endpoints_reject_invalid_auth_format[/api/v1/documents-POST]" time="0.014" /><testcase classname="app.tests.api.test_permissions.TestHasPermission" name="test_require_organization_permission_without_organization" time="0.784" /><testcase classname="app.tests.api.test_auth_failures" name="test_endpoints_reject_invalid_auth_format[/api/v1/documents/12345678-1234-5678-1234-567812345678-GET]" time="0.014" /><testcase classname="app.tests.api.routes.test_threads" name="test_validate_thread_no_thread_id" time="0.000" /><testcase classname="app.tests.api.routes.test_threads" name="test_validate_thread_invalid_thread" time="0.004" /><testcase classname="app.tests.api.routes.test_threads" name="test_validate_thread_with_active_run" time="0.001" /><testcase classname="app.tests.api.routes.test_threads" name="test_validate_thread_with_queued_run" time="0.001" /><testcase classname="app.tests.api.routes.test_threads" name="test_validate_thread_with_requires_action_run" time="0.001" /><testcase classname="app.tests.api.routes.test_threads" name="test_validate_thread_with_completed_run" time="0.001" /><testcase classname="app.tests.api.routes.test_threads" name="test_validate_thread_with_no_runs" time="0.000" /><testcase classname="app.tests.api.routes.test_threads" name="test_setup_thread_new_thread" time="0.000" /><testcase classname="app.tests.api.routes.test_threads" name="test_setup_thread_existing_thread" time="0.000" /><testcase classname="app.tests.api.routes.test_threads" name="test_process_message_content" time="0.000" /><testcase classname="app.tests.api.routes.test_threads" name="test_handle_openai_error" time="0.000" /><testcase classname="app.tests.api.routes.test_threads" name="test_handle_openai_error_with_message" time="0.000" /><testcase classname="app.tests.api.routes.test_threads" name="test_handle_openai_error_without_message" time="0.000" /><testcase classname="app.tests.assessment.test_batch.TestBatchHelpers" name="test_build_anthropic_jsonl" time="0.002" /><testcase classname="app.tests.api.routes.test_threads" name="test_handle_openai_error_with_empty_body" time="0.001" /><testcase classname="app.tests.api.routes.test_model_config" name="test_delete_model_not_found" time="0.260" /><testcase classname="app.tests.api.routes.test_threads" name="test_handle_openai_error_with_non_dict_body" time="0.000" /><testcase classname="app.tests.api.routes.test_threads" name="test_handle_openai_error_with_none_body" time="0.000" /><testcase classname="app.tests.assessment.test_batch.TestBatchHelpers" name="test_build_anthropic_jsonl_skips_empty_rows" time="0.001" /><testcase classname="app.tests.assessment.test_batch.TestBatchHelpers" name="test_build_anthropic_jsonl_uses_row_indices" time="0.000" /><testcase classname="app.tests.assessment.test_batch.TestBatchHelpers" name="test_build_anthropic_attachment_parts" time="0.001" /><testcase classname="app.tests.assessment.test_batch.TestResolveItemType" name="test_declared_image" time="0.001" /><testcase classname="app.tests.assessment.test_batch.TestResolveItemType" name="test_declared_pdf" time="0.000" /><testcase classname="app.tests.api.routes.test_threads" name="test_poll_run_and_prepare_response_completed" time="0.023" /><testcase classname="app.tests.assessment.test_batch.TestResolveItemType" name="test_override_wins" time="0.000" /><testcase classname="app.tests.assessment.test_batch.TestResolveItemType" name="test_mixed_without_override_is_unresolved" time="0.000" /><testcase classname="app.tests.assessment.test_batch.TestResolveItemType" name="test_unknown_declared_is_unresolved" time="0.000" /><testcase classname="app.tests.assessment.test_batch.TestResolveItemType" name="test_column_uses_single_declared_type" time="0.000" /><testcase classname="app.tests.assessment.test_batch.TestAttachmentMime" name="test_guess_image_mime_from_url_variants" time="0.000" /><testcase classname="app.tests.assessment.test_batch.TestAttachmentTypeForRow" name="test_mixed_resolves_from_type_column" time="0.003" /><testcase classname="app.tests.assessment.test_batch.TestAttachmentTypeForRow" name="test_mixed_resolves_comma_separated_value_lists" time="0.001" /><testcase classname="app.tests.api.routes.test_evaluation.TestListDatasets" name="test_list_datasets_pagination" time="0.317" /><testcase classname="app.tests.assessment.test_batch.TestAttachmentTypeForRow" name="test_mixed_resolves_row_value_lists_when_same_type" time="0.000" /><testcase classname="app.tests.assessment.test_batch.TestAttachmentTypeForRow" name="test_mixed_missing_type_mapping_fields_returns_none" time="0.000" /><testcase classname="app.tests.assessment.test_batch.TestAttachmentTypeForRow" name="test_non_mixed_returns_none" time="0.000" /><testcase classname="app.tests.assessment.test_batch.TestAttachmentTypeForRow" name="test_mixed_config_missing_routing_fields_is_rejected" time="0.000" /><testcase classname="app.tests.assessment.test_batch.TestAttachmentTypeForRow" name="test_mixed_config_invalid_map_value_is_rejected" time="0.000" /><testcase classname="app.tests.assessment.test_batch.TestAttachmentTypeForRow" name="test_override_forces_part_type" time="0.000" /><testcase classname="app.tests.assessment.test_batch.TestAttachmentResolutionBranches" name="test_blank_value_returns_empty" time="0.000" /><testcase classname="app.tests.assessment.test_batch.TestAttachmentResolutionBranches" name="test_unresolved_mixed_is_skipped" time="0.002" /><testcase classname="app.tests.assessment.test_batch.TestAttachmentResolutionBranches" name="test_gemini_image_and_pdf_parts" time="0.001" /><testcase classname="app.tests.assessment.test_batch.TestAttachmentResolutionBranches" name="test_type_for_row_blank_value_returns_none" time="0.001" /><testcase classname="app.tests.assessment.test_batch.TestAttachmentResolutionBranches" name="test_type_for_row_ignores_invalid_map_value" time="0.000" /><testcase classname="app.tests.assessment.test_cron.TestLogConfigProgress" name="test_no_log_for_no_change_action" time="0.002" /><testcase classname="app.tests.api.routes.test_languages" name="test_list_languages" time="0.280" /><testcase classname="app.tests.api.routes.test_threads" name="test_poll_run_and_prepare_response_openai_error_handling" time="0.023" /><testcase classname="app.tests.assessment.test_cron.TestLogConfigProgress" name="test_no_log_for_still_processing" time="0.002" /><testcase classname="app.tests.assessment.test_cron.TestLogConfigProgress" name="test_processed_action_does_not_raise" time="0.001" /><testcase classname="app.tests.assessment.test_cron.TestLogConfigProgress" name="test_failed_action_does_not_raise" time="0.002" /><testcase classname="app.tests.api.routes.test_creds" name="test_read_credentials" time="0.301" /><testcase classname="app.tests.assessment.test_cron.TestPollAllPendingAssessmentEvaluations" name="test_no_pending_assessments" time="0.008" /><testcase classname="app.tests.assessment.test_cron.TestPollAllPendingAssessmentEvaluations" name="test_no_active_runs_recompute" time="0.007" /><testcase classname="app.tests.api.routes.test_project" name="test_read_projects_search" time="0.307" /><testcase classname="app.tests.api.routes.test_threads" name="test_poll_run_and_prepare_response_non_completed" time="0.016" /><testcase classname="app.tests.assessment.test_cron.TestPollAllPendingAssessmentEvaluations" name="test_active_run_processed" time="0.007" /><testcase classname="app.tests.assessment.test_cron.TestPollAllPendingAssessmentEvaluations" name="test_transient_poll_exception_does_not_fail_run" time="0.003" /><testcase classname="app.tests.assessment.test_cron.TestPollAllPendingAssessmentEvaluations" name="test_deterministic_error_marks_run_failed" time="0.008" /><testcase classname="app.tests.assessment.test_crud.TestDeriveAssessmentStatus" name="test_status_variants" time="0.000" /><testcase classname="app.tests.assessment.test_crud.TestCrudBasicQueries" name="test_get_and_list_helpers" time="0.004" /><testcase classname="app.tests.assessment.test_crud.TestCrudBasicQueries" name="test_get_assessment_by_id_not_found" time="0.001" /><testcase classname="app.tests.assessment.test_crud.TestCrudBasicQueries" name="test_get_assessment_run_by_id_not_found" time="0.001" /><testcase classname="app.tests.assessment.test_crud.TestCrudBasicQueries" name="test_get_assessment_dataset_by_id_not_found" time="0.001" /><testcase classname="app.tests.assessment.test_crud.TestCrudBasicQueries" name="test_get_assessment_runs_for_assessment" time="0.001" /><testcase classname="app.tests.assessment.test_crud.TestCrudWrites" name="test_create_assessment_dataset_uses_assessment_type" time="0.001" /><testcase classname="app.tests.assessment.test_crud.TestCrudWrites" name="test_create_assessment_success" time="0.001" /><testcase classname="app.tests.assessment.test_crud.TestCrudWrites" name="test_create_assessment_commit_failure_rolls_back" time="0.010" /><testcase classname="app.tests.api.routes.test_threads" name="test_threads_start_endpoint_creates_thread" time="0.296" /><testcase classname="app.tests.api.routes.collections.test_collection_update" name="test_update_collection_partial_update_preserves_other_fields" time="0.307" /><testcase classname="app.tests.assessment.test_crud.TestCrudWrites" name="test_create_assessment_run_success_and_failure" time="0.010" /><testcase classname="app.tests.assessment.test_crud.TestCrudWrites" name="test_update_assessment_run_status" time="0.000" /><testcase classname="app.tests.assessment.test_crud.TestCrudWrites" name="test_update_assessment_run_status_failure_rolls_back" time="0.004" /><testcase classname="app.tests.assessment.test_crud.TestDerivedAggregates" name="test_compute_run_counts" time="0.000" /><testcase classname="app.tests.assessment.test_crud.TestDerivedAggregates" name="test_build_run_stats" time="0.000" /><testcase classname="app.tests.assessment.test_crud.TestDerivedAggregates" name="test_derive_aggregate_error" time="0.000" /><testcase classname="app.tests.assessment.test_crud.TestRecomputeAssessmentStatus" name="test_recompute_not_found" time="0.000" /><testcase classname="app.tests.assessment.test_export.TestLoadPrefilterResults" name="test_merges_tr_and_dup_annotations" time="0.000" /><testcase classname="app.tests.assessment.test_export.TestLoadPrefilterResults" name="test_tr_load_failure_is_swallowed" time="0.004" /><testcase classname="app.tests.assessment.test_export.TestLoadParsedResultsForBatchJob" name="test_object_store_path" time="0.002" /><testcase classname="app.tests.assessment.test_export.TestLoadParsedResultsForBatchJob" name="test_provider_fallback_path" time="0.001" /><testcase classname="app.tests.assessment.test_export.TestLoadParsedResultsForBatchJob" name="test_returns_none_without_outputs" time="0.001" /><testcase classname="app.tests.assessment.test_export.TestLoadL2ResultsForRun" name="test_keys_by_row_id" time="0.000" /><testcase classname="app.tests.assessment.test_export.TestLoadL2ResultsForRun" name="test_empty_when_no_batch" time="0.000" /><testcase classname="app.tests.assessment.test_mappers.TestNormalizeLlmText" name="test_non_string_returns_as_is" time="0.000" /><testcase classname="app.tests.assessment.test_mappers.TestNormalizeLlmText" name="test_empty_string_returns_as_is" time="0.000" /><testcase classname="app.tests.assessment.test_mappers.TestNormalizeLlmText" name="test_escaped_newline_replaced" time="0.000" /><testcase classname="app.tests.assessment.test_mappers.TestNormalizeLlmText" name="test_escaped_tab_replaced" time="0.000" /><testcase classname="app.tests.assessment.test_mappers.TestNormalizeLlmText" name="test_escaped_quote_replaced" time="0.000" /><testcase classname="app.tests.assessment.test_mappers.TestNormalizeLlmText" name="test_double_backslash_collapsed" time="0.000" /><testcase classname="app.tests.assessment.test_mappers.TestNormalizeLlmText" name="test_nfc_normalization_applied" time="0.000" /><testcase classname="app.tests.assessment.test_mappers.TestEnsureOpenAIStrictSchema" name="test_object_type_gets_additional_properties_false" time="0.000" /><testcase classname="app.tests.assessment.test_mappers.TestEnsureOpenAIStrictSchema" name="test_nested_object_also_gets_flag" time="0.000" /><testcase classname="app.tests.assessment.test_mappers.TestEnsureOpenAIStrictSchema" name="test_array_items_processed_recursively" time="0.000" /><testcase classname="app.tests.assessment.test_mappers.TestEnsureOpenAIStrictSchema" name="test_non_object_type_not_modified" time="0.000" /><testcase classname="app.tests.assessment.test_mappers.TestStripAdditionalProperties" name="test_removes_additional_properties" time="0.000" /><testcase classname="app.tests.assessment.test_mappers.TestStripAdditionalProperties" name="test_nested_removal" time="0.001" /><testcase classname="app.tests.assessment.test_mappers.TestStripAdditionalProperties" name="test_array_items_processed" time="0.000" /><testcase classname="app.tests.assessment.test_mappers.TestMapKaapiToOpenAIParams" name="test_basic_model_passed_through" time="0.004" /><testcase classname="app.tests.assessment.test_mappers.TestMapKaapiToOpenAIParams" name="test_instructions_normalized_and_set" time="0.001" /><testcase classname="app.tests.assessment.test_mappers.TestMapKaapiToOpenAIParams" name="test_temperature_set_for_non_reasoning_model" time="0.000" /><testcase classname="app.tests.assessment.test_mappers.TestMapKaapiToOpenAIParams" name="test_temperature_suppressed_for_reasoning_model" time="0.000" /><testcase classname="app.tests.assessment.test_mappers.TestMapKaapiToOpenAIParams" name="test_top_p_suppressed_for_reasoning_model" time="0.000" /><testcase classname="app.tests.assessment.test_mappers.TestMapKaapiToOpenAIParams" name="test_effort_set_for_reasoning_model" time="0.000" /><testcase classname="app.tests.assessment.test_mappers.TestMapKaapiToOpenAIParams" name="test_effort_suppressed_for_non_reasoning_model" time="0.000" /><testcase classname="app.tests.assessment.test_mappers.TestMapKaapiToOpenAIParams" name="test_output_schema_sets_text_format" time="0.000" /><testcase classname="app.tests.assessment.test_mappers.TestMapKaapiToOpenAIParams" name="test_response_format_text_not_set" time="0.000" /><testcase classname="app.tests.assessment.test_mappers.TestMapKaapiToOpenAIParams" name="test_knowledge_base_ids_sets_tools" time="0.000" /><testcase classname="app.tests.assessment.test_mappers.TestMapKaapiToOpenAIParams" name="test_summary_null_string_sets_none" time="0.000" /><testcase classname="app.tests.assessment.test_mappers.TestMapKaapiToOpenAIParams" name="test_top_p_set_for_non_reasoning_model" time="0.000" /><testcase classname="app.tests.assessment.test_mappers.TestMapKaapiToGoogleParams" name="test_missing_model_returns_warning" time="0.000" /><testcase classname="app.tests.assessment.test_mappers.TestMapKaapiToGoogleParams" name="test_basic_model_set" time="0.001" /><testcase classname="app.tests.assessment.test_mappers.TestMapKaapiToGoogleParams" name="test_temperature_set" time="0.000" /><testcase classname="app.tests.assessment.test_mappers.TestMapKaapiToGoogleParams" name="test_top_p_set" time="0.000" /><testcase classname="app.tests.assessment.test_mappers.TestMapKaapiToGoogleParams" name="test_thinking_level_set" time="0.000" /><testcase classname="app.tests.assessment.test_mappers.TestMapKaapiToGoogleParams" name="test_knowledge_base_ids_warns" time="0.000" /><testcase classname="app.tests.assessment.test_mappers.TestMapKaapiToGoogleParams" name="test_output_schema_set" time="0.000" /><testcase classname="app.tests.assessment.test_mappers.TestMapKaapiToGoogleParams" name="test_instructions_normalized" time="0.000" /><testcase classname="app.tests.assessment.test_mappers.TestMapKaapiToGoogleParams" name="test_max_output_tokens_set" time="0.000" /><testcase classname="app.tests.assessment.test_mappers.TestMapKaapiToGoogleParams" name="test_reasoning_set" time="0.000" /><testcase classname="app.tests.assessment.test_mappers.TestConvertJsonSchemaToGoogle" name="test_property_ordering_added_from_required" time="0.000" /><testcase classname="app.tests.assessment.test_mappers.TestConvertJsonSchemaToGoogle" name="test_property_ordering_falls_back_to_keys" time="0.001" /><testcase classname="app.tests.assessment.test_mappers.TestOpenAIResponseFormat" name="test_non_text_response_format_sets_text_field" time="0.000" /><testcase classname="app.tests.assessment.test_mappers.TestMapKaapiToAnthropicParams" name="test_missing_model_returns_warning" time="0.000" /><testcase classname="app.tests.assessment.test_mappers.TestMapKaapiToAnthropicParams" name="test_basic_params_mapped" time="0.000" /><testcase classname="app.tests.assessment.test_mappers.TestMapKaapiToAnthropicParams" name="test_top_p_suppressed_when_temperature_present" time="0.000" /><testcase classname="app.tests.assessment.test_mappers.TestMapKaapiToAnthropicParams" name="test_top_p_alone_passes_through" time="0.000" /><testcase classname="app.tests.assessment.test_mappers.TestMapKaapiToAnthropicParams" name="test_output_schema_maps_to_output_config" time="0.000" /><testcase classname="app.tests.assessment.test_mappers.TestMapKaapiToAnthropicParams" name="test_unsupported_params_warned" time="0.000" /><testcase classname="app.tests.assessment.test_parsing.TestParseStoredResults" name="test_empty_string_returns_empty_list" time="0.000" /><testcase classname="app.tests.assessment.test_parsing.TestParseStoredResults" name="test_whitespace_only_returns_empty_list" time="0.000" /><testcase classname="app.tests.assessment.test_parsing.TestParseStoredResults" name="test_json_array_format" time="0.000" /><testcase classname="app.tests.assessment.test_parsing.TestParseStoredResults" name="test_jsonl_single_object_parsed_as_one_entry" time="0.000" /><testcase classname="app.tests.assessment.test_parsing.TestParseStoredResults" name="test_jsonl_format" time="0.000" /><testcase classname="app.tests.assessment.test_parsing.TestParseStoredResults" name="test_jsonl_skips_blank_lines" time="0.000" /><testcase classname="app.tests.assessment.test_parsing.TestParseStoredResults" name="test_jsonl_single_line" time="0.000" /><testcase classname="app.tests.assessment.test_parsing.TestUsageTotals" name="test_non_dict_returns_nones" time="0.000" /><testcase classname="app.tests.assessment.test_parsing.TestUsageTotals" name="test_openai_style_keys" time="0.000" /><testcase classname="app.tests.assessment.test_parsing.TestUsageTotals" name="test_anthropic_style_keys" time="0.001" /><testcase classname="app.tests.assessment.test_parsing.TestUsageTotals" name="test_total_tokens_computed_when_missing" time="0.000" /><testcase classname="app.tests.assessment.test_parsing.TestUsageTotals" name="test_explicit_total_tokens_not_overridden" time="0.000" /><testcase classname="app.tests.assessment.test_parsing.TestUsageTotals" name="test_missing_tokens_return_none" time="0.000" /><testcase classname="app.tests.assessment.test_parsing.TestUsageTotals" name="test_partial_tokens_no_total_computed" time="0.000" /><testcase classname="app.tests.assessment.test_pipeline.TestResolvePrefilterSettings" name="test_both_enabled" time="0.000" /><testcase classname="app.tests.assessment.test_pipeline.TestResolvePrefilterSettings" name="test_disabled_when_empty" time="0.000" /><testcase classname="app.tests.assessment.test_pipeline.TestResolvePrefilterSettings" name="test_tr_enabled_with_attachment_columns_only" time="0.000" /><testcase classname="app.tests.assessment.test_pipeline.TestResolvePrefilterSettings" name="test_tr_disabled_when_columns_empty_and_no_prompt" time="0.000" /><testcase classname="app.tests.assessment.test_pipeline.TestPipeline" name="test_full_pipeline_order" time="0.000" /><testcase classname="app.tests.assessment.test_pipeline.TestPipeline" name="test_no_prefilter_is_l2_only" time="0.000" /><testcase classname="app.tests.assessment.test_pipeline.TestPipeline" name="test_next_stage" time="0.000" /><testcase classname="app.tests.assessment.test_pipeline.TestAdvanceOrFinalize" name="test_advances_to_next_pending_stage" time="0.000" /><testcase classname="app.tests.assessment.test_pipeline.TestAdvanceOrFinalize" name="test_finalizes_after_last_stage" time="0.000" /><testcase classname="app.tests.assessment.test_pipeline.TestBuildPrefilterRequests" name="test_topic_relevance_stage" time="0.000" /><testcase classname="app.tests.assessment.test_pipeline.TestBuildPrefilterRequests" name="test_duplicate_detection_stage" time="0.000" /><testcase classname="app.tests.assessment.test_pipeline.TestBuildPrefilterRequests" name="test_unknown_stage_raises" time="0.000" /><testcase classname="app.tests.assessment.test_post_processing.TestEvaluateFormula" name="test_addition" time="0.001" /><testcase classname="app.tests.assessment.test_post_processing.TestEvaluateFormula" name="test_all_operators" time="0.006" /><testcase classname="app.tests.assessment.test_post_processing.TestEvaluateFormula" name="test_precedence_and_constants" time="0.000" /><testcase classname="app.tests.assessment.test_post_processing.TestEvaluateFormula" name="test_string_numeric_values_coerced" time="0.000" /><testcase classname="app.tests.assessment.test_post_processing.TestEvaluateFormula" name="test_missing_column_is_zero" time="0.000" /><testcase classname="app.tests.assessment.test_post_processing.TestEvaluateFormula" name="test_non_numeric_value_is_zero" time="0.000" /><testcase classname="app.tests.assessment.test_post_processing.TestEvaluateFormula" name="test_unsupported_operation_returns_none" time="0.000" /><testcase classname="app.tests.assessment.test_post_processing.TestEvaluateFormula" name="test_syntax_error_returns_none" time="0.000" /><testcase classname="app.tests.assessment.test_post_processing.TestApplyComputedColumns" name="test_adds_column_in_place" time="0.000" /><testcase classname="app.tests.assessment.test_post_processing.TestApplyComputedColumns" name="test_skips_empty_name_or_formula" time="0.000" /><testcase classname="app.tests.assessment.test_post_processing.TestApplyFilter" name="test_no_rules_returns_all" time="0.000" /><testcase classname="app.tests.assessment.test_post_processing.TestApplyFilter" name="test_eq_ne" time="0.000" /><testcase classname="app.tests.assessment.test_post_processing.TestApplyFilter" name="test_contains_not_contains" time="0.000" /><testcase classname="app.tests.assessment.test_post_processing.TestApplyFilter" name="test_in_not_in" time="0.000" /><testcase classname="app.tests.assessment.test_post_processing.TestApplyFilter" name="test_is_empty_is_not_empty" time="0.001" /><testcase classname="app.tests.assessment.test_post_processing.TestApplyFilter" name="test_numeric_comparisons" time="0.000" /><testcase classname="app.tests.assessment.test_post_processing.TestApplyFilter" name="test_numeric_filter_non_numeric_excluded" time="0.000" /><testcase classname="app.tests.assessment.test_post_processing.TestApplyFilter" name="test_unknown_op_keeps_row" time="0.000" /><testcase classname="app.tests.assessment.test_post_processing.TestApplyFilter" name="test_and_logic_across_rules" time="0.000" /><testcase classname="app.tests.assessment.test_post_processing.TestApplySort" name="test_no_rules_returns_input" time="0.000" /><testcase classname="app.tests.assessment.test_post_processing.TestApplySort" name="test_numeric_asc_desc" time="0.001" /><testcase classname="app.tests.assessment.test_post_processing.TestApplySort" name="test_none_values_sort_last" time="0.000" /><testcase classname="app.tests.assessment.test_post_processing.TestApplySort" name="test_string_asc_desc" time="0.000" /><testcase classname="app.tests.assessment.test_post_processing.TestApplySort" name="test_multi_rule_priority" time="0.000" /><testcase classname="app.tests.assessment.test_post_processing.TestApplyPostProcessing" name="test_none_config_is_noop" time="0.000" /><testcase classname="app.tests.assessment.test_post_processing.TestApplyPostProcessing" name="test_full_pipeline" time="0.000" /><testcase classname="app.tests.assessment.test_prefilter_batching.TestOrchestrate" name="test_inits_pipeline_and_submits_first_stage" time="0.001" /><testcase classname="app.tests.assessment.test_prefilter_batching.TestOrchestrate" name="test_skips_when_not_pending" time="0.000" /><testcase classname="app.tests.assessment.test_prefilter_batching.TestOrchestrate" name="test_terminal_stage_returns" time="0.000" /><testcase classname="app.tests.assessment.test_prefilter_batching.TestSubmitCurrentStage" name="test_submits_prefilter_batch" time="0.002" /><testcase classname="app.tests.assessment.test_prefilter_batching.TestSubmitCurrentStage" name="test_zero_accepted_advances" time="0.002" /><testcase classname="app.tests.assessment.test_prefilter_batching.TestAcceptedIndices" name="test_uses_persisted_indices_without_downloading" time="0.000" /><testcase classname="app.tests.assessment.test_prefilter_batching.TestAcceptedIndices" name="test_persisted_indices_clamped_to_total_rows" time="0.000" /><testcase classname="app.tests.assessment.test_prefilter_batching.TestAcceptedIndices" name="test_falls_back_to_full_range_when_nothing_persisted" time="0.000" /><testcase classname="app.tests.assessment.test_prefilter_batching.TestGuardEntrypoint" name="test_unexpected_exception_marks_failed_and_reraises" time="0.012" /><testcase classname="app.tests.api.routes.test_tts_evaluation.TestTTSEvaluationRun" name="test_get_run_without_authentication" time="0.021" /><testcase classname="app.tests.assessment.test_prefilter_batching.TestGuardEntrypoint" name="test_soft_timeout_marks_failed_and_reraises" time="0.006" /><testcase classname="app.tests.assessment.test_prefilter_batching.TestMarkRunFailed" name="test_marks_non_terminal_run_failed" time="0.005" /><testcase classname="app.tests.assessment.test_prefilter_batching.TestMarkRunFailed" name="test_skips_terminal_run" time="0.001" /><testcase classname="app.tests.assessment.test_prefilter_batching.TestDispatch" name="test_dispatch_enqueues_task" time="0.013" /><testcase classname="app.tests.assessment.test_prefilter_batching.TestResolveRunContext" name="test_success" time="0.000" /><testcase classname="app.tests.assessment.test_prefilter_batching.TestResolveRunContext" name="test_missing_parent" time="0.000" /><testcase classname="app.tests.assessment.test_prefilter_batching.TestResolveRunContext" name="test_config_error" time="0.000" /><testcase classname="app.tests.assessment.test_prefilter_batching.TestAcceptedIndicesFallback" name="test_recomputes_from_gate_batch" time="0.000" /><testcase classname="app.tests.assessment.test_prefilter_batching.TestSubmitStageBranches" name="test_config_error_fails_run" time="0.000" /><testcase classname="app.tests.api.routes.test_tts_evaluation.TestTTSResultGet" name="test_get_result_success" time="0.304" /><testcase classname="app.tests.assessment.test_prefilter_batching.TestSubmitStageBranches" name="test_empty_dataset_fails_run" time="0.000" /><testcase classname="app.tests.assessment.test_prefilter_batching.TestSubmitStageBranches" name="test_submits_l2_batch" time="0.003" /><testcase classname="app.tests.assessment.test_prefilter_batching.TestSubmitStageBranches" name="test_unknown_stage_raises" time="0.000" /><testcase classname="app.tests.assessment.test_prefilter_batching.TestPersistAdvance" name="test_dispatches_next_stage" time="0.000" /><testcase classname="app.tests.assessment.test_prefilter_batching.TestPersistAdvance" name="test_finalize_does_not_dispatch" time="0.001" /><testcase classname="app.tests.assessment.test_prefilter_batching.TestPersistAdvance" name="test_enqueue_failure_marks_failed" time="0.005" /><testcase cl
[...]
ct" name="test_raises_when_project_without_org" time="0.001" /><testcase classname="app.tests.test_utils.TestRequireOrganizationForProject" name="test_passes_when_both_set" time="0.001" /><testcase classname="app.tests.test_utils.TestRequireOrganizationForProject" name="test_passes_when_both_none" time="0.001" /><testcase classname="app.tests.test_utils.TestRequireOrganizationForProject" name="test_passes_when_only_org" time="0.001" /><testcase classname="app.tests.test_utils.TestDownloadAudioBytes" name="test_rejects_non_https_url" time="0.043" /><testcase classname="app.tests.services.stt_evaluations.test_audio.TestUploadAudioFile" name="test_upload_storage_error" time="0.004" /><testcase classname="app.tests.services.stt_evaluations.test_audio.TestUploadAudioFile" name="test_upload_uses_file_size_on_s3_error" time="0.003" /><testcase classname="app.tests.services.stt_evaluations.test_dataset.TestSTTSampleCreateModel" name="test_sample_create_without_language_id" time="0.001" /><testcase classname="app.tests.crud.evaluations.test_fast_judge.TestAdherenceToPromptScoring" name="test_prompt_template_is_appended_to_the_config_prompt_block" time="1.199" /><testcase classname="app.tests.test_utils.TestDownloadAudioBytes" name="test_successful_download" time="0.002" /><testcase classname="app.tests.services.doctransformer.test_job.test_execute_job.TestExecuteJob" name="test_execute_job_success[html-.html]" time="0.588" /><testcase classname="app.tests.crud.test_user_project.TestGetUserProjects" name="test_returns_projects_for_user" time="0.213" /><testcase classname="app.tests.models.llm.test_request.TestKaapiCompletionConfigTemperature" name="test_temperature_preserved_when_user_provides_it" time="0.001" /><testcase classname="app.tests.models.llm.test_request.TestKaapiCompletionConfigTemperature" name="test_temperature_excluded_when_user_does_not_provide_it" time="0.000" /><testcase classname="app.tests.models.llm.test_request.TestKaapiCompletionConfigTemperature" name="test_temperature_zero_preserved_when_explicitly_set" time="0.000" /><testcase classname="app.tests.scripts.test_backend_pre_start" name="test_init_success" time="0.002" /><testcase classname="app.tests.scripts.test_test_pre_start" name="test_init_success" time="0.001" /><testcase classname="app.tests.services.collections.providers.test_collection_provider_registry.TestGetLLMProviderGoogleAIStudio" name="test_returns_gemini_provider_with_api_key_credential" time="0.037" /><testcase classname="app.tests.services.collections.providers.test_collection_provider_registry.TestGetLLMProviderGoogleAIStudio" name="test_credential_without_api_key_raises" time="0.015" /><testcase classname="app.tests.services.collections.providers.test_collection_provider_registry.TestGetLLMProviderGoogleAIStudio" name="test_no_credential_row_raises" time="0.008" /><testcase classname="app.tests.services.collections.providers.test_gemini_provider.TestUploadFiles" name="test_persists_file_id_and_backfills_size_on_real_db" time="0.374" /><testcase classname="app.tests.test_utils.TestDownloadAudioBytes" name="test_rejects_non_audio_content_type" time="0.004" /><testcase classname="app.tests.crud.test_api_key" name="test_delete_already_deleted_api_key" time="0.444" /><testcase classname="app.tests.services.stt_evaluations.test_dataset.TestSTTSampleCreateModel" name="test_sample_create_with_language_id" time="0.000" /><testcase classname="app.tests.test_utils.TestDownloadAudioBytes" name="test_rejects_oversized_content_length" time="0.007" /><testcase classname="app.tests.services.response.response.test_generate_response" name="test_generate_response_success" time="0.002" /><testcase classname="app.tests.services.response.response.test_generate_response" name="test_generate_response_openai_error" time="0.001" /><testcase classname="app.tests.services.test_job_monitoring" name="test_monitor_pending_jobs_ignores_rows_older_than_upper_threshold" time="0.852" /><testcase classname="app.tests.test_utils.TestAPIResponse" name="test_failure_response_string_error" time="0.000" /><testcase classname="app.tests.test_utils.TestDownloadAudioBytes" name="test_handles_timeout" time="0.001" /><testcase classname="app.tests.test_utils.TestResolveAudioUrl" name="test_returns_audio_ref" time="0.001" /><testcase classname="app.tests.services.response.response.test_generate_response.TestGetFileSearchResults" name="test_captures_filename_when_present_and_none_when_absent" time="0.000" /><testcase classname="app.tests.test_utils.TestResolveImageContent" name="test_list_of_images_preserves_existing_mime" time="0.000" /><testcase classname="app.tests.test_utils.TestResolvePdfContent" name="test_single_pdf_gets_default_mime" time="0.001" /><testcase classname="app.tests.test_utils.TestResolveInputExtended" name="test_image_input" time="0.000" /><testcase classname="app.tests.test_utils.TestResolvePdfContent" name="test_list_of_pdfs" time="0.000" /><testcase classname="app.tests.test_utils.TestDownloadAudioBytes" name="test_rejects_oversized_during_streaming" time="0.003" /><testcase classname="app.tests.test_utils.TestResolveInputExtended" name="test_multimodal_rejects_audio" time="0.000" /><testcase classname="app.tests.test_utils.TestResolveInputExtended" name="test_multimodal_text_and_image" time="0.001" /><testcase classname="app.tests.test_utils.TestResolveInputExtended" name="test_audio_url_input" time="0.000" /><testcase classname="app.tests.test_utils.TestResolveInputExtended" name="test_unknown_input_type" time="0.000" /><testcase classname="app.tests.test_utils.TestResolveInputExtended" name="test_multimodal_rejects_unknown_type" time="0.000" /><testcase classname="app.tests.test_utils.TestSendCallbackWithSigning" name="test_includes_signature_headers" time="0.001" /><testcase classname="app.tests.test_utils.TestSendCallbackWithSigning" name="test_returns_false_for_blocked_url" time="0.001" /><testcase classname="app.tests.test_utils.TestResolveAudioUrl" name="test_propagates_download_error" time="0.001" /><testcase classname="app.tests.test_utils.TestResolveInputExtended" name="test_pdf_input" time="0.000" /><testcase classname="app.tests.test_utils.TestGenerateEvalCompletionEmail" name="test_completed_renders_expected_fields" time="0.012" /><testcase classname="app.tests.test_utils.TestGenerateEvalCompletionEmail" name="test_failed_status_changes_label_and_subject" time="0.015" /><testcase classname="app.tests.test_utils.TestGetLangfuseClient" name="test_raises_400_without_complete_credentials[missing]" time="0.002" /><testcase classname="app.tests.test_utils.TestGenerateEvalCompletionEmail" name="test_no_error_omits_error_block" time="0.012" /><testcase classname="app.tests.services.llm.test_sts.TestErrorPaths" name="test_detection_sentinels_rejected_as_output_language[auto]" time="0.242" /><testcase classname="app.tests.test_utils.TestGetLangfuseClient" name="test_returns_configured_client" time="0.009" /><testcase classname="app.tests.test_utils.TestGetLangfuseClient" name="test_raises_500_when_client_construction_fails" time="0.008" /><testcase classname="app.tests.test_utils.TestBuildLangfuseClient" name="test_builds_client_on_isolated_tracer_provider" time="0.004" /><testcase classname="app.tests.utils.test_data" name="test_credential_data" time="0.003" /><testcase classname="app.tests.test_utils.TestGetLangfuseClient" name="test_raises_400_without_complete_credentials[incomplete]" time="0.003" /><testcase classname="app.tests.test_utils.TestDownloadAudioBytes" name="test_handles_http_error" time="0.004" /><testcase classname="app.tests.crud.evaluations.test_fast_judge.TestRunOverallSummary" name="test_v1_run_has_no_overall_in_score" time="1.249" /><testcase classname="app.tests.crud.test_assistants.TestSyncAssistant" name="test_sync_assistant_success" time="0.043" /><testcase classname="app.tests.crud.test_assistants.TestSyncAssistant" name="test_sync_assistant_already_exists" time="0.012" /><testcase classname="app.tests.services.collections.providers.test_gemini_provider.TestUploadFiles" name="test_extensionless_fname_raises_before_upload" time="0.165" /><testcase classname="app.tests.services.doctransformer.test_job.test_execute_job.TestExecuteJob" name="test_execute_job_with_nonexistent_job" time="0.152" /><testcase classname="app.tests.crud.test_assistants.TestSyncAssistant" name="test_sync_assistant_no_instructions" time="0.010" /><testcase classname="app.tests.crud.test_assistants.TestSyncAssistant" name="test_sync_assistant_no_name" time="0.021" /><testcase classname="app.tests.crud.test_assistants.TestSyncAssistant" name="test_sync_assistant_no_vector_stores" time="0.018" /><testcase classname="app.tests.crud.test_assistants.TestSyncAssistant" name="test_sync_assistant_no_tools" time="0.011" /><testcase classname="app.tests.crud.test_assistants.TestSyncAssistant" name="test_sync_assistant_no_tool_resources" time="0.008" /><testcase classname="app.tests.crud.test_assistants.TestAssistantCrud" name="test_create_assistant_success" time="0.030" /><testcase classname="app.tests.crud.test_assistants.TestAssistantCrud" name="test_create_assistant_with_id_success" time="0.017" /><testcase classname="app.tests.crud.test_assistants.TestAssistantCrud" name="test_create_assistant_duplicate_assistant_id" time="0.022" /><testcase classname="app.tests.crud.test_assistants.TestAssistantCrud" name="test_create_assistant_vector_store_invalid" time="0.016" /><testcase classname="app.tests.services.doctransformer.test_job.test_execute_job.TestExecuteJob" name="test_execute_job_with_missing_source_document" time="0.222" /><testcase classname="app.tests.services.collections.providers.test_gemini_provider.TestUploadFiles" name="test_cached_active_file_skips_upload" time="0.196" /><testcase classname="app.tests.services.collections.providers.test_gemini_provider.TestUploadFiles" name="test_expired_cached_file_falls_back_to_reupload" time="0.295" /><testcase classname="app.tests.services.doctransformer.test_job.test_execute_job.TestExecuteJob" name="test_execute_job_with_transformer_error" time="0.291" /><testcase classname="app.tests.test_utils.TestResolveImageContent" name="test_single_image_gets_default_mime" time="0.002" /><testcase classname="app.tests.crud.evaluations.test_fast_judge.TestAdherenceToPromptScoring" name="test_malformed_reply_drops_both_metrics_for_that_row_only" time="1.251" /><testcase classname="app.tests.services.collections.providers.test_gemini_provider.TestUploadFiles" name="test_non_active_cached_file_falls_back_to_reupload" time="0.195" /><testcase classname="app.tests.services.doctransformer.test_job.test_execute_job.TestExecuteJob" name="test_execute_job_status_transitions" time="0.189" /><testcase classname="app.tests.services.collections.providers.test_gemini_provider.TestUploadFiles" name="test_db_persist_failure_rolls_back_gemini_file" time="0.391" /><testcase classname="app.tests.services.doctransformer.test_job.test_execute_job.TestExecuteJob" name="test_execute_job_with_different_content_types" time="0.369" /><testcase classname="app.tests.crud.evaluations.test_fast_judge.TestResponsesChunkCapture" name="test_success_with_chunks_returns_serializable_plain_dicts" time="0.005" /><testcase classname="app.tests.crud.evaluations.test_fast_judge.TestResponsesChunkCapture" name="test_success_without_hits_returns_empty_chunks" time="0.001" /><testcase classname="app.tests.crud.evaluations.test_fast_judge.TestResponsesChunkCapture" name="test_error_path_has_no_chunks" time="0.001" /><testcase classname="app.tests.crud.evaluations.test_fast_judge.TestKnowledgeBaseScoring" name="test_groundedness_scores_chunked_row_and_flags_chunkless_row_na" time="1.203" /><testcase classname="app.tests.services.collections.providers.test_gemini_provider.TestWaitUntilActive" name="test_processing_then_active_completes" time="0.003" /><testcase classname="app.tests.services.collections.providers.test_gemini_provider.TestWaitUntilActive" name="test_failed_state_raises" time="0.003" /><testcase classname="app.tests.services.doctransformer.test_job.test_execute_job_errors.TestExecuteJobRetryAndErrors" name="test_execute_job_with_storage_error" time="0.286" /><testcase classname="app.tests.services.collections.providers.test_gemini_provider.TestWaitUntilActive" name="test_timeout_raises" time="0.003" /><testcase classname="app.tests.services.doctransformer.test_job.test_execute_job_errors.TestExecuteJobRetryAndErrors" name="test_execute_job_retry_mechanism" time="0.764" /><testcase classname="app.tests.crud.evaluations.test_fast_judge.TestPromptMetricUnscoreable" name="test_config_without_instructions_drops_the_prompt_metric" time="1.076" /><testcase classname="app.tests.services.doctransformer.test_job.test_execute_job_errors.TestExecuteJobRetryAndErrors" name="test_execute_job_exhausted_retries" time="0.107" /><testcase classname="app.tests.services.doctransformer.test_job.test_execute_job_errors.TestExecuteJobRetryAndErrors" name="test_execute_job_database_error_during_completion" time="0.109" /><testcase classname="app.tests.crud.evaluations.test_fast_judge.TestKnowledgeBaseScoring" name="test_kb_scored_row_comment_names_top_matches" time="1.012" /><testcase classname="app.tests.services.doctransformer.test_job.test_execute_job_errors.TestExecuteJobRetryAndErrors" name="test_execute_job_timeout_marks_job_failed" time="0.066" /><testcase classname="app.tests.services.doctransformer.test_job.test_execute_job_errors.TestExecuteJobRetryAndErrors" name="test_execute_job_timeout_sends_failure_callback" time="0.093" /><testcase classname="app.tests.services.doctransformer.test_job.test_integration.TestExecuteJobIntegration" name="test_execute_job_end_to_end_workflow" time="0.079" /><testcase classname="app.tests.crud.evaluations.test_langfuse.TestFetchTraceScoresFromLangfuse" name="test_fetch_trace_scores_handles_trace_fetch_error" time="0.005" /><testcase classname="app.tests.crud.evaluations.test_langfuse.TestFetchTraceScoresFromLangfuse" name="test_fetch_trace_scores_empty_dataset_run" time="0.001" /><testcase classname="app.tests.crud.evaluations.test_langfuse.TestFetchTraceScoresFromLangfuse" name="test_fetch_trace_scores_mixed_question_id_types" time="0.001" /><testcase classname="app.tests.crud.evaluations.test_merge.TestMergeTraceData" name="test_empty_cache_returns_fresh" time="0.000" /><testcase classname="app.tests.crud.evaluations.test_merge.TestMergeTraceData" name="test_grows_monotonically" time="0.000" /><testcase classname="app.tests.crud.evaluations.test_merge.TestMergeTraceData" name="test_fewer_fresh_traces_keeps_cached" time="0.000" /><testcase classname="app.tests.crud.evaluations.test_merge.TestMergeTraceData" name="test_additional_score_unions" time="0.000" /><testcase classname="app.tests.crud.evaluations.test_merge.TestMergeTraceData" name="test_fresh_value_wins_on_conflict" time="0.000" /><testcase classname="app.tests.crud.evaluations.test_merge.TestMergeTraceData" name="test_identical_trace_is_reused" time="0.000" /><testcase classname="app.tests.crud.evaluations.test_merge.TestMergeTraceData" name="test_category_and_external_id_preserved_across_resync" time="0.000" /><testcase classname="app.tests.crud.evaluations.test_merge.TestSortTracesByQuestionId" name="test_sorts_int_question_ids_ascending" time="0.000" /><testcase classname="app.tests.crud.evaluations.test_merge.TestSortTracesByQuestionId" name="test_sorts_string_digit_question_ids_numerically" time="0.000" /><testcase classname="app.tests.crud.evaluations.test_merge.TestSortTracesByQuestionId" name="test_missing_or_non_numeric_question_id_pushed_to_end" time="0.000" /><testcase classname="app.tests.crud.evaluations.test_merge.TestSortTracesByQuestionId" name="test_merge_scores_step_forward_returns_sorted_traces" time="0.000" /><testcase classname="app.tests.crud.evaluations.test_merge.TestComputeSummaryScores" name="test_numeric_summary" time="0.000" /><testcase classname="app.tests.crud.evaluations.test_merge.TestComputeSummaryScores" name="test_categorical_distribution" time="0.000" /><testcase classname="app.tests.crud.evaluations.test_merge.TestComputeSummaryScores" name="test_none_values_excluded" time="0.000" /><testcase classname="app.tests.crud.evaluations.test_merge.TestMergeScoresStepForward" name="test_summary_recomputed_from_union" time="0.000" /><testcase classname="app.tests.crud.evaluations.test_merge.TestMergeScoresStepForward" name="test_summary_only_score_preserved" time="0.000" /><testcase classname="app.tests.crud.evaluations.test_merge.TestMergeScoresStepForward" name="test_none_existing_score" time="0.000" /><testcase classname="app.tests.crud.evaluations.test_merge.TestComputeSummaryScoresUnscoreable" name="test_unscoreable_excluded_from_stats" time="0.000" /><testcase classname="app.tests.crud.evaluations.test_merge.TestBackfillMissingScores" name="test_injects_missing_score" time="0.000" /><testcase classname="app.tests.crud.evaluations.test_merge.TestBackfillMissingScores" name="test_does_not_overwrite_existing" time="0.000" /><testcase classname="app.tests.crud.evaluations.test_merge.TestBackfillMissingScores" name="test_unknown_trace_ids_ignored" time="0.000" /><testcase classname="app.tests.crud.evaluations.test_merge.TestBackfillMissingScores" name="test_none_map_is_noop" time="0.000" /><testcase classname="app.tests.crud.evaluations.test_merge.TestApplyCosineBreakdown" name="test_adds_total_items_and_unscoreable" time="0.000" /><testcase classname="app.tests.crud.evaluations.test_merge.TestApplyCosineBreakdown" name="test_noop_without_cosine_entry" time="0.000" /><testcase classname="app.tests.crud.evaluations.test_fast_judge.TestKnowledgeBaseScoring" name="test_kb_scored_even_when_all_chunks_low_score" time="1.032" /><testcase classname="app.tests.crud.evaluations.test_fast_judge.TestKnowledgeBaseScoring" name="test_kb_na_placeholder_stays_out_of_summary_avg" time="1.075" /><testcase classname="app.tests.crud.evaluations.test_fast_judge.TestKnowledgeBaseScoring" name="test_non_kb_metric_none_is_skipped_not_placeholdered" time="1.097" /><testcase classname="app.tests.crud.evaluations.test_fast_judge.TestVerdictBandOnTraceScores" name="test_each_scored_judge_metric_carries_its_verdict_band" time="1.122" /><testcase classname="app.tests.crud.evaluations.test_fast_judge.TestVerdictBandOnTraceScores" name="test_cosine_score_carries_no_verdict" time="1.182" /><testcase classname="app.tests.crud.evaluations.test_fast_judge.TestVerdictBandOnTraceScores" name="test_kb_na_placeholder_carries_no_verdict" time="1.125" /><testcase classname="app.tests.crud.evaluations.test_fast_judge.TestFormatTopKbMatches" name="test_formats_filename_and_percent_to_one_decimal" time="0.000" /><testcase classname="app.tests.crud.evaluations.test_fast_judge.TestFormatTopKbMatches" name="test_includes_all_chunks_regardless_of_score" time="0.000" /><testcase classname="app.tests.crud.evaluations.test_fast_judge.TestFormatTopKbMatches" name="test_caps_at_three_matches" time="0.000" /><testcase classname="app.tests.crud.evaluations.test_fast_judge.TestFormatTopKbMatches" name="test_missing_filename_renders_unknown" time="0.000" /><testcase classname="app.tests.crud.evaluations.test_fast_judge.TestFormatTopKbMatches" name="test_empty_input_is_empty_string" time="0.001" /><testcase classname="app.tests.crud.evaluations.test_fast_judge.TestFileSearchIncludeParam" name="test_file_search_present_sets_include_and_leaves_tool_choice_default" time="0.029" /><testcase classname="app.tests.crud.evaluations.test_fast_judge.TestFileSearchIncludeParam" name="test_no_file_search_leaves_include_and_tool_choice_unset" time="0.022" /><testcase classname="app.tests.crud.evaluations.test_judge.TestParseJudgeOutput" name="test_parses_well_formed_ground_truth" time="0.000" /><testcase classname="app.tests.crud.evaluations.test_judge.TestParseJudgeOutput" name="test_extracts_json_from_prose_wrapper" time="0.001" /></testsuite></testsuites>
